<?xml version="1.0" encoding="UTF-8"?>
<robot generator="Robot 3.1.0.dev1 (Python 3.6.3 on linux)" generated="20180504 11:46:18.860">
<suite id="s1" name="UpdateMonochromatorParemeters" source="/home/andres/robotframework_Monochromator/UpdateMonochromatorParemeters.robot">
<test id="s1-t1" name="From Enable Update SlitWidth and verify value">
<kw name="Comment" library="BuiltIn">
<doc>Displays the given messages in the log file as keyword arguments.</doc>
<arguments>
<arg>Update Grating and verify value.</arg>
</arguments>
<status status="PASS" starttime="20180504 11:46:24.917" endtime="20180504 11:46:24.917"></status>
</kw>
<kw name="Issue Change Slit Width Command" library="atMonochromator_SAL">
<arguments>
<arg>2</arg>
<arg>3</arg>
</arguments>
<msg timestamp="20180504 11:46:24.918" level="FAIL">TypeError: (): incompatible function arguments. The following argument types are supported:
    1. (self: SALPY_atMonochromator.atMonochromator_command_ChangeSlitWidthC, arg0: int) -&gt; None

Invoked with: &lt;SALPY_atMonochromator.atMonochromator_command_ChangeSlitWidthC object at 0x7f2cbaf3d9d0&gt;, '2'</msg>
<status status="FAIL" starttime="20180504 11:46:24.918" endtime="20180504 11:46:24.919"></status>
</kw>
<tags>
<tag>functional</tag>
</tags>
<status status="FAIL" starttime="20180504 11:46:24.917" endtime="20180504 11:46:24.919" critical="yes">TypeError: (): incompatible function arguments. The following argument types are supported:
    1. (self: SALPY_atMonochromator.atMonochromator_command_ChangeSlitWidthC, arg0: int) -&gt; None

Invoked with: &lt;SALPY_atMonochromator.atMonochromator_command_ChangeSlitWidthC object at 0x7f2cbaf3d9d0&gt;, '2'</status>
</test>
<doc>Test invalid atMonochromator State transitions.</doc>
<status status="FAIL" starttime="20180504 11:46:18.861" endtime="20180504 11:46:24.919"></status>
</suite>
<statistics>
<total>
<stat pass="0" fail="1">Critical Tests</stat>
<stat pass="0" fail="1">All Tests</stat>
</total>
<tag>
<stat pass="0" fail="1">functional</stat>
</tag>
<suite>
<stat pass="0" fail="1" id="s1" name="UpdateMonochromatorParemeters">UpdateMonochromatorParemeters</stat>
</suite>
</statistics>
<errors>
<msg timestamp="20180504 11:46:24.913" level="ERROR">Error in resource file '/home/andres/robotframework_Monochromator/monochromator_helpers.robot': Creating keyword 'Verify Slit Width Value' failed: Invalid argument specification: Invalid argument syntax '${expectedSlit} ${expectedSlitWidth}'.</msg>
</errors>
</robot>
