<?xml version="1.0" encoding="UTF-8"?>
<robot generator="Robot 3.1.0.dev1 (Python 3.6.3 on linux)" generated="20180502 17:15:59.514">
<suite id="s1" name="UpdateMonochromatorParemeters" source="/home/andres/robotframework_Monochromator/UpdateMonochromatorParemeters.robot">
<test id="s1-t1" name="From Enable Update Wavelength and verify value">
<kw name="Comment" library="BuiltIn">
<doc>Displays the given messages in the log file as keyword arguments.</doc>
<arguments>
<arg>Update Wavelength.</arg>
</arguments>
<status status="PASS" starttime="20180502 17:16:06.469" endtime="20180502 17:16:06.469"></status>
</kw>
<kw name="Issue Change Wavelength Command" library="atMonochromator_SAL">
<arguments>
<arg>${400}</arg>
</arguments>
<status status="PASS" starttime="20180502 17:16:06.469" endtime="20180502 17:16:17.969"></status>
</kw>
<kw name="Verify Wavelength Value" library="monochromator_helpers">
<arguments>
<arg>${500}</arg>
</arguments>
<kw name="Comment" library="BuiltIn">
<doc>Displays the given messages in the log file as keyword arguments.</doc>
<arguments>
<arg>Every change wavelength command triggers a wavelength Event.</arg>
</arguments>
<status status="PASS" starttime="20180502 17:16:17.970" endtime="20180502 17:16:17.970"></status>
</kw>
<kw name="Get Event Wavelength" library="atMonochromator_SAL">
<assign>
<var>${valid}</var>
<var>${data}</var>
</assign>
<msg timestamp="20180502 17:16:17.971" level="INFO">${valid} = True</msg>
<msg timestamp="20180502 17:16:17.971" level="INFO">${data} = &lt;SALPY_atMonochromator.atMonochromator_logevent_WavelengthC object at 0x7f845b44b7a0&gt;</msg>
<status status="PASS" starttime="20180502 17:16:17.970" endtime="20180502 17:16:17.971"></status>
</kw>
<kw name="Should Be True" library="BuiltIn">
<doc>Fails if the given condition is not true.</doc>
<arguments>
<arg>${valid}</arg>
</arguments>
<status status="PASS" starttime="20180502 17:16:17.971" endtime="20180502 17:16:17.972"></status>
</kw>
<kw name="Verify Irrational Value" library="common">
<doc>This keyword requires the name of the attribute, its value, the tolerance and then the expected value, in that order.</doc>
<arguments>
<arg>Wavelength</arg>
<arg>${data.wavelength}</arg>
<arg>${wavelengthTol}</arg>
<arg>${expectedWavelgength}</arg>
</arguments>
<kw name="Convert To Number" library="BuiltIn">
<doc>Converts the given item to a floating point number.</doc>
<arguments>
<arg>${value}</arg>
<arg>${4}</arg>
</arguments>
<assign>
<var>${value}</var>
</assign>
<msg timestamp="20180502 17:16:17.973" level="INFO">${value} = 400.0</msg>
<status status="PASS" starttime="20180502 17:16:17.972" endtime="20180502 17:16:17.973"></status>
</kw>
<kw name="Convert To Number" library="BuiltIn">
<doc>Converts the given item to a floating point number.</doc>
<arguments>
<arg>${ExpectedValue}</arg>
<arg>${4}</arg>
</arguments>
<assign>
<var>${ExpectedValue}</var>
</assign>
<msg timestamp="20180502 17:16:17.973" level="INFO">${ExpectedValue} = 500.0</msg>
<status status="PASS" starttime="20180502 17:16:17.973" endtime="20180502 17:16:17.973"></status>
</kw>
<kw name="Log Many" library="BuiltIn">
<doc>Logs the given messages as separate entries using the INFO level.</doc>
<arguments>
<arg>Attribute: ${attribute}</arg>
<arg>Value: ${value}</arg>
<arg>Tolerance: ${tolerance}</arg>
<arg>Expected Value: ${ExpectedValue}</arg>
</arguments>
<msg timestamp="20180502 17:16:17.974" level="INFO">Attribute: Wavelength</msg>
<msg timestamp="20180502 17:16:17.974" level="INFO">Value: 400.0</msg>
<msg timestamp="20180502 17:16:17.974" level="INFO">Tolerance: 1</msg>
<msg timestamp="20180502 17:16:17.974" level="INFO">Expected Value: 500.0</msg>
<status status="PASS" starttime="20180502 17:16:17.973" endtime="20180502 17:16:17.974"></status>
</kw>
<kw name="Evaluate" library="BuiltIn">
<doc>Evaluates the given expression in Python and returns the results.</doc>
<arguments>
<arg>${ExpectedValue} + ${tolerance}</arg>
</arguments>
<assign>
<var>${high}</var>
</assign>
<msg timestamp="20180502 17:16:17.975" level="INFO">${high} = 501.0</msg>
<status status="PASS" starttime="20180502 17:16:17.974" endtime="20180502 17:16:17.975"></status>
</kw>
<kw name="Evaluate" library="BuiltIn">
<doc>Evaluates the given expression in Python and returns the results.</doc>
<arguments>
<arg>${ExpectedValue} - ${tolerance}</arg>
</arguments>
<assign>
<var>${low}</var>
</assign>
<msg timestamp="20180502 17:16:17.975" level="INFO">${low} = 499.0</msg>
<status status="PASS" starttime="20180502 17:16:17.975" endtime="20180502 17:16:17.975"></status>
</kw>
<kw name="Should Be True" library="BuiltIn">
<doc>Fails if the given condition is not true.</doc>
<arguments>
<arg>${value} &lt;= ${high}</arg>
</arguments>
<status status="PASS" starttime="20180502 17:16:17.975" endtime="20180502 17:16:17.975"></status>
</kw>
<kw name="Should Be True" library="BuiltIn">
<doc>Fails if the given condition is not true.</doc>
<arguments>
<arg>${value} &gt;= ${low}</arg>
</arguments>
<msg timestamp="20180502 17:16:17.976" level="FAIL">'400.0 &gt;= 499.0' should be true.</msg>
<status status="FAIL" starttime="20180502 17:16:17.976" endtime="20180502 17:16:17.976"></status>
</kw>
<status status="FAIL" starttime="20180502 17:16:17.972" endtime="20180502 17:16:17.976"></status>
</kw>
<status status="FAIL" starttime="20180502 17:16:17.969" endtime="20180502 17:16:17.976"></status>
</kw>
<tags>
<tag>functional</tag>
</tags>
<status status="FAIL" starttime="20180502 17:16:06.468" endtime="20180502 17:16:17.976" critical="yes">'400.0 &gt;= 499.0' should be true.</status>
</test>
<doc>Test invalid atMonochromator State transitions.</doc>
<status status="FAIL" starttime="20180502 17:15:59.514" endtime="20180502 17:16:17.977"></status>
</suite>
<statistics>
<total>
<stat pass="0" fail="1">Critical Tests</stat>
<stat pass="0" fail="1">All Tests</stat>
</total>
<tag>
<stat pass="0" fail="1">functional</stat>
</tag>
<suite>
<stat pass="0" fail="1" id="s1" name="UpdateMonochromatorParemeters">UpdateMonochromatorParemeters</stat>
</suite>
</statistics>
<errors>
</errors>
</robot>
