<?xml version="1.0" encoding="UTF-8"?>
<robot generator="Robot 3.1.0.dev1 (Python 3.6.3 on linux)" generated="20180505 21:49:28.661">
<suite id="s1" name="UpdateMonochromatorParemeters" source="/home/andres/robotframework_Monochromator/UpdateMonochromatorParemeters.robot">
<test id="s1-t1" name="Start Command">
<kw name="Comment" library="BuiltIn">
<doc>Displays the given messages in the log file as keyword arguments.</doc>
<arguments>
<arg>Issue Start Command.</arg>
</arguments>
<status status="PASS" starttime="20180505 21:49:38.902" endtime="20180505 21:49:38.903"></status>
</kw>
<kw name="Issue Start Command" library="atMonochromator_SAL">
<status status="PASS" starttime="20180505 21:49:38.903" endtime="20180505 21:49:50.360"></status>
</kw>
<kw name="Comment" library="BuiltIn">
<doc>Displays the given messages in the log file as keyword arguments.</doc>
<arguments>
<arg>Verify system enters Disabled State.</arg>
</arguments>
<status status="PASS" starttime="20180505 21:49:50.360" endtime="20180505 21:49:50.361"></status>
</kw>
<kw name="Verify Summary State Event" library="common">
<arguments>
<arg>${SummaryDisabled}</arg>
</arguments>
<kw name="Comment" library="BuiltIn">
<doc>Displays the given messages in the log file as keyword arguments.</doc>
<arguments>
<arg>Every sub-State transition triggers a Summary State Event.</arg>
</arguments>
<status status="PASS" starttime="20180505 21:49:50.361" endtime="20180505 21:49:50.361"></status>
</kw>
<kw name="Get Event Summary State" library="atMonochromator_SAL">
<assign>
<var>${valid}</var>
<var>${data}</var>
</assign>
<msg timestamp="20180505 21:49:50.362" level="INFO">${valid} = True</msg>
<msg timestamp="20180505 21:49:50.362" level="INFO">${data} = &lt;SALPY_atMonochromator.atMonochromator_logevent_SummaryStateC object at 0x7f86e8cce1f0&gt;</msg>
<status status="PASS" starttime="20180505 21:49:50.361" endtime="20180505 21:49:50.362"></status>
</kw>
<kw name="Log" library="BuiltIn">
<doc>Logs the given message with the given level.</doc>
<arguments>
<arg>${data.summaryState}</arg>
</arguments>
<msg timestamp="20180505 21:49:50.362" level="INFO">1</msg>
<status status="PASS" starttime="20180505 21:49:50.362" endtime="20180505 21:49:50.362"></status>
</kw>
<kw name="Should Be True" library="BuiltIn">
<doc>Fails if the given condition is not true.</doc>
<arguments>
<arg>${valid}</arg>
</arguments>
<status status="PASS" starttime="20180505 21:49:50.362" endtime="20180505 21:49:50.363"></status>
</kw>
<kw name="Should Be Equal As Integers" library="BuiltIn">
<doc>Fails if objects are unequal after converting them to integers.</doc>
<arguments>
<arg>${data.summaryState}</arg>
<arg>${expectedState}</arg>
</arguments>
<msg timestamp="20180505 21:49:50.363" level="INFO">Argument types are:
&lt;class 'int'&gt;
&lt;type 'unicode'&gt;</msg>
<status status="PASS" starttime="20180505 21:49:50.363" endtime="20180505 21:49:50.363"></status>
</kw>
<status status="PASS" starttime="20180505 21:49:50.361" endtime="20180505 21:49:50.363"></status>
</kw>
<tags>
<tag>functional</tag>
</tags>
<status status="PASS" starttime="20180505 21:49:38.902" endtime="20180505 21:49:50.363" critical="yes"></status>
</test>
<test id="s1-t2" name="Enable Command">
<kw name="Comment" library="BuiltIn">
<doc>Displays the given messages in the log file as keyword arguments.</doc>
<arguments>
<arg>Issue Enable Command.</arg>
</arguments>
<status status="PASS" starttime="20180505 21:49:50.364" endtime="20180505 21:49:50.364"></status>
</kw>
<kw name="Issue Enable Command" library="atMonochromator_SAL">
<status status="PASS" starttime="20180505 21:49:50.364" endtime="20180505 21:50:01.737"></status>
</kw>
<kw name="Comment" library="BuiltIn">
<doc>Displays the given messages in the log file as keyword arguments.</doc>
<arguments>
<arg>Verify system enters Enabled State.</arg>
</arguments>
<status status="PASS" starttime="20180505 21:50:01.737" endtime="20180505 21:50:01.738"></status>
</kw>
<kw name="Verify Summary State Event" library="common">
<arguments>
<arg>${SummaryEnabled}</arg>
</arguments>
<kw name="Comment" library="BuiltIn">
<doc>Displays the given messages in the log file as keyword arguments.</doc>
<arguments>
<arg>Every sub-State transition triggers a Summary State Event.</arg>
</arguments>
<status status="PASS" starttime="20180505 21:50:01.739" endtime="20180505 21:50:01.740"></status>
</kw>
<kw name="Get Event Summary State" library="atMonochromator_SAL">
<assign>
<var>${valid}</var>
<var>${data}</var>
</assign>
<msg timestamp="20180505 21:50:01.741" level="INFO">${valid} = True</msg>
<msg timestamp="20180505 21:50:01.741" level="INFO">${data} = &lt;SALPY_atMonochromator.atMonochromator_logevent_SummaryStateC object at 0x7f86e8cff730&gt;</msg>
<status status="PASS" starttime="20180505 21:50:01.740" endtime="20180505 21:50:01.741"></status>
</kw>
<kw name="Log" library="BuiltIn">
<doc>Logs the given message with the given level.</doc>
<arguments>
<arg>${data.summaryState}</arg>
</arguments>
<msg timestamp="20180505 21:50:01.742" level="INFO">2</msg>
<status status="PASS" starttime="20180505 21:50:01.741" endtime="20180505 21:50:01.742"></status>
</kw>
<kw name="Should Be True" library="BuiltIn">
<doc>Fails if the given condition is not true.</doc>
<arguments>
<arg>${valid}</arg>
</arguments>
<status status="PASS" starttime="20180505 21:50:01.742" endtime="20180505 21:50:01.743"></status>
</kw>
<kw name="Should Be Equal As Integers" library="BuiltIn">
<doc>Fails if objects are unequal after converting them to integers.</doc>
<arguments>
<arg>${data.summaryState}</arg>
<arg>${expectedState}</arg>
</arguments>
<msg timestamp="20180505 21:50:01.744" level="INFO">Argument types are:
&lt;class 'int'&gt;
&lt;type 'unicode'&gt;</msg>
<status status="PASS" starttime="20180505 21:50:01.743" endtime="20180505 21:50:01.744"></status>
</kw>
<status status="PASS" starttime="20180505 21:50:01.739" endtime="20180505 21:50:01.744"></status>
</kw>
<tags>
<tag>functional</tag>
</tags>
<status status="PASS" starttime="20180505 21:49:50.363" endtime="20180505 21:50:01.744" critical="yes"></status>
</test>
<test id="s1-t3" name="From Enable Update Grating to set it to Blue and verify value">
<kw name="Comment" library="BuiltIn">
<doc>Displays the given messages in the log file as keyword arguments.</doc>
<arguments>
<arg>Update Grating and verify value.</arg>
</arguments>
<status status="PASS" starttime="20180505 21:50:01.746" endtime="20180505 21:50:01.746"></status>
</kw>
<kw name="Convert To Integer" library="BuiltIn">
<doc>Converts the given item to an integer number.</doc>
<arguments>
<arg>${Blue}</arg>
</arguments>
<assign>
<var>${GR}</var>
</assign>
<msg timestamp="20180505 21:50:01.746" level="INFO">${GR} = 1</msg>
<status status="PASS" starttime="20180505 21:50:01.746" endtime="20180505 21:50:01.747"></status>
</kw>
<kw name="Issue Select Grating Command" library="atMonochromator_SAL">
<arguments>
<arg>${GR}</arg>
</arguments>
<status status="PASS" starttime="20180505 21:50:01.747" endtime="20180505 21:50:13.272"></status>
</kw>
<kw name="Verify Grating Value" library="monochromator_helpers">
<arguments>
<arg>${GR}</arg>
</arguments>
<kw name="Comment" library="BuiltIn">
<doc>Displays the given messages in the log file as keyword arguments.</doc>
<arguments>
<arg>Every change in grating command triggers a grating Event.</arg>
</arguments>
<status status="PASS" starttime="20180505 21:50:13.273" endtime="20180505 21:50:13.273"></status>
</kw>
<kw name="Wait For Next Selected Grating" library="atMonochromator_SAL">
<assign>
<var>${valid}</var>
<var>${data}</var>
</assign>
<msg timestamp="20180505 21:51:11.324" level="INFO">${valid} = True</msg>
<msg timestamp="20180505 21:51:11.325" level="INFO">${data} = &lt;SALPY_atMonochromator.atMonochromator_logevent_SelectedGratingC object at 0x7f86e8cce880&gt;</msg>
<status status="PASS" starttime="20180505 21:50:13.273" endtime="20180505 21:51:11.325"></status>
</kw>
<kw name="Should Be True" library="BuiltIn">
<doc>Fails if the given condition is not true.</doc>
<arguments>
<arg>${valid}</arg>
</arguments>
<status status="PASS" starttime="20180505 21:51:11.325" endtime="20180505 21:51:11.325"></status>
</kw>
<kw name="Verify Rational Value" library="common">
<doc>This keyword requires the name of the attribute, its value, and then the expected value, in that order.</doc>
<arguments>
<arg>Grating</arg>
<arg>${data.gratingType}</arg>
<arg>${expectedGrating}</arg>
</arguments>
<kw name="Convert To Number" library="BuiltIn">
<doc>Converts the given item to a floating point number.</doc>
<arguments>
<arg>${value}</arg>
</arguments>
<assign>
<var>${value}</var>
</assign>
<msg timestamp="20180505 21:51:11.326" level="INFO">${value} = 1.0</msg>
<status status="PASS" starttime="20180505 21:51:11.326" endtime="20180505 21:51:11.326"></status>
</kw>
<kw name="Convert To Number" library="BuiltIn">
<doc>Converts the given item to a floating point number.</doc>
<arguments>
<arg>${ExpectedValue}</arg>
</arguments>
<assign>
<var>${ExpectedValue}</var>
</assign>
<msg timestamp="20180505 21:51:11.326" level="INFO">${ExpectedValue} = 1.0</msg>
<status status="PASS" starttime="20180505 21:51:11.326" endtime="20180505 21:51:11.326"></status>
</kw>
<kw name="Log Many" library="BuiltIn">
<doc>Logs the given messages as separate entries using the INFO level.</doc>
<arguments>
<arg>Attribute: ${attribute}</arg>
<arg>Value: ${value}</arg>
<arg>Expected Value: ${ExpectedValue}</arg>
</arguments>
<msg timestamp="20180505 21:51:11.326" level="INFO">Attribute: Grating</msg>
<msg timestamp="20180505 21:51:11.327" level="INFO">Value: 1.0</msg>
<msg timestamp="20180505 21:51:11.327" level="INFO">Expected Value: 1.0</msg>
<status status="PASS" starttime="20180505 21:51:11.326" endtime="20180505 21:51:11.327"></status>
</kw>
<kw name="Should Be Equal" library="BuiltIn">
<doc>Fails if the given objects are unequal.</doc>
<arguments>
<arg>${value}</arg>
<arg>${ExpectedValue}</arg>
</arguments>
<status status="PASS" starttime="20180505 21:51:11.327" endtime="20180505 21:51:11.327"></status>
</kw>
<status status="PASS" starttime="20180505 21:51:11.325" endtime="20180505 21:51:11.327"></status>
</kw>
<status status="PASS" starttime="20180505 21:50:13.273" endtime="20180505 21:51:11.327"></status>
</kw>
<kw name="Sleep" library="BuiltIn">
<doc>Pauses the test executed for the given time.</doc>
<arguments>
<arg>${GRdelay}</arg>
</arguments>
<msg timestamp="20180505 21:51:41.328" level="INFO">Slept 30 seconds</msg>
<status status="PASS" starttime="20180505 21:51:11.328" endtime="20180505 21:51:41.328"></status>
</kw>
<tags>
<tag>functional</tag>
</tags>
<status status="PASS" starttime="20180505 21:50:01.745" endtime="20180505 21:51:41.328" critical="yes"></status>
</test>
<test id="s1-t4" name="From Enable Update Wavelength in Blue Grating and verify value">
<kw name="Comment" library="BuiltIn">
<doc>Displays the given messages in the log file as keyword arguments.</doc>
<arguments>
<arg>Update Wavelength.</arg>
</arguments>
<status status="PASS" starttime="20180505 21:51:41.329" endtime="20180505 21:51:41.329"></status>
</kw>
<kw name="Convert To Number" library="BuiltIn">
<doc>Converts the given item to a floating point number.</doc>
<arguments>
<arg>${DeltaWavelength}</arg>
</arguments>
<assign>
<var>${DW}</var>
</assign>
<msg timestamp="20180505 21:51:41.329" level="INFO">${DW} = 50.0</msg>
<status status="PASS" starttime="20180505 21:51:41.329" endtime="20180505 21:51:41.329"></status>
</kw>
<kw name="Convert To Number" library="BuiltIn">
<doc>Converts the given item to a floating point number.</doc>
<arguments>
<arg>${initWavelength}</arg>
</arguments>
<assign>
<var>${Wavelength}</var>
</assign>
<msg timestamp="20180505 21:51:41.330" level="INFO">${Wavelength} = 400.0</msg>
<status status="PASS" starttime="20180505 21:51:41.330" endtime="20180505 21:51:41.330"></status>
</kw>
<kw name="Convert To Number" library="BuiltIn">
<doc>Converts the given item to a floating point number.</doc>
<arguments>
<arg>${MaxWavelengthGR1}</arg>
</arguments>
<assign>
<var>${MaxValue}</var>
</assign>
<msg timestamp="20180505 21:51:41.330" level="INFO">${MaxValue} = 650.0</msg>
<status status="PASS" starttime="20180505 21:51:41.330" endtime="20180505 21:51:41.330"></status>
</kw>
<kw name="${i} IN RANGE [ 999999 ]" type="for">
<kw name="${i} = 0" type="foritem">
<kw name="Exit For Loop If" library="BuiltIn">
<doc>Stops executing the enclosing for loop if the ``condition`` is true.</doc>
<arguments>
<arg>${Wavelength} &gt; ${MaxValue}</arg>
</arguments>
<status status="PASS" starttime="20180505 21:51:41.356" endtime="20180505 21:51:41.356"></status>
</kw>
<kw name="Log" library="BuiltIn">
<doc>Logs the given message with the given level.</doc>
<arguments>
<arg>${Wavelength}</arg>
</arguments>
<msg timestamp="20180505 21:51:41.357" level="INFO">400.0</msg>
<status status="PASS" starttime="20180505 21:51:41.357" endtime="20180505 21:51:41.357"></status>
</kw>
<kw name="Run Keyword And Continue On Failure" library="BuiltIn">
<doc>Runs the keyword and continues execution even if a failure occurs.</doc>
<arguments>
<arg>Issue Change Wavelength Command</arg>
<arg>${Wavelength}</arg>
</arguments>
<kw name="Issue Change Wavelength Command" library="atMonochromator_SAL">
<arguments>
<arg>${Wavelength}</arg>
</arguments>
<status status="PASS" starttime="20180505 21:51:41.370" endtime="20180505 21:51:52.703"></status>
</kw>
<status status="PASS" starttime="20180505 21:51:41.358" endtime="20180505 21:51:52.704"></status>
</kw>
<kw name="Run Keyword And Continue On Failure" library="BuiltIn">
<doc>Runs the keyword and continues execution even if a failure occurs.</doc>
<arguments>
<arg>Verify Wavelength Value</arg>
<arg>${Wavelength}</arg>
</arguments>
<kw name="Verify Wavelength Value" library="monochromator_helpers">
<arguments>
<arg>${Wavelength}</arg>
</arguments>
<kw name="Comment" library="BuiltIn">
<doc>Displays the given messages in the log file as keyword arguments.</doc>
<arguments>
<arg>Every change wavelength command triggers a wavelength Event.</arg>
</arguments>
<status status="PASS" starttime="20180505 21:51:52.704" endtime="20180505 21:51:52.704"></status>
</kw>
<kw name="Wait For Next Wavelength" library="atMonochromator_SAL">
<assign>
<var>${valid}</var>
<var>${data}</var>
</assign>
<msg timestamp="20180505 21:51:52.712" level="INFO">${valid} = True</msg>
<msg timestamp="20180505 21:51:52.713" level="INFO">${data} = &lt;SALPY_atMonochromator.atMonochromator_logevent_WavelengthC object at 0x7f86aad93340&gt;</msg>
<status status="PASS" starttime="20180505 21:51:52.705" endtime="20180505 21:51:52.713"></status>
</kw>
<kw name="Should Be True" library="BuiltIn">
<doc>Fails if the given condition is not true.</doc>
<arguments>
<arg>${valid}</arg>
</arguments>
<status status="PASS" starttime="20180505 21:51:52.713" endtime="20180505 21:51:52.713"></status>
</kw>
<kw name="Verify Irrational Value" library="common">
<doc>This keyword requires the name of the attribute, its value, the tolerance and then the expected value, in that order.</doc>
<arguments>
<arg>Wavelength</arg>
<arg>${data.wavelength}</arg>
<arg>${wavelengthTol}</arg>
<arg>${expectedWavelgength}</arg>
</arguments>
<kw name="Convert To Number" library="BuiltIn">
<doc>Converts the given item to a floating point number.</doc>
<arguments>
<arg>${value}</arg>
<arg>${4}</arg>
</arguments>
<assign>
<var>${value}</var>
</assign>
<msg timestamp="20180505 21:51:52.714" level="INFO">${value} = 400.0006</msg>
<status status="PASS" starttime="20180505 21:51:52.714" endtime="20180505 21:51:52.714"></status>
</kw>
<kw name="Convert To Number" library="BuiltIn">
<doc>Converts the given item to a floating point number.</doc>
<arguments>
<arg>${ExpectedValue}</arg>
<arg>${4}</arg>
</arguments>
<assign>
<var>${ExpectedValue}</var>
</assign>
<msg timestamp="20180505 21:51:52.715" level="INFO">${ExpectedValue} = 400.0</msg>
<status status="PASS" starttime="20180505 21:51:52.714" endtime="20180505 21:51:52.715"></status>
</kw>
<kw name="Log Many" library="BuiltIn">
<doc>Logs the given messages as separate entries using the INFO level.</doc>
<arguments>
<arg>Attribute: ${attribute}</arg>
<arg>Value: ${value}</arg>
<arg>Tolerance: ${tolerance}</arg>
<arg>Expected Value: ${ExpectedValue}</arg>
</arguments>
<msg timestamp="20180505 21:51:52.715" level="INFO">Attribute: Wavelength</msg>
<msg timestamp="20180505 21:51:52.715" level="INFO">Value: 400.0006</msg>
<msg timestamp="20180505 21:51:52.715" level="INFO">Tolerance: 1</msg>
<msg timestamp="20180505 21:51:52.715" level="INFO">Expected Value: 400.0</msg>
<status status="PASS" starttime="20180505 21:51:52.715" endtime="20180505 21:51:52.715"></status>
</kw>
<kw name="Evaluate" library="BuiltIn">
<doc>Evaluates the given expression in Python and returns the results.</doc>
<arguments>
<arg>${ExpectedValue} + ${tolerance}</arg>
</arguments>
<assign>
<var>${high}</var>
</assign>
<msg timestamp="20180505 21:51:52.716" level="INFO">${high} = 401.0</msg>
<status status="PASS" starttime="20180505 21:51:52.716" endtime="20180505 21:51:52.716"></status>
</kw>
<kw name="Evaluate" library="BuiltIn">
<doc>Evaluates the given expression in Python and returns the results.</doc>
<arguments>
<arg>${ExpectedValue} - ${tolerance}</arg>
</arguments>
<assign>
<var>${low}</var>
</assign>
<msg timestamp="20180505 21:51:52.716" level="INFO">${low} = 399.0</msg>
<status status="PASS" starttime="20180505 21:51:52.716" endtime="20180505 21:51:52.716"></status>
</kw>
<kw name="Should Be True" library="BuiltIn">
<doc>Fails if the given condition is not true.</doc>
<arguments>
<arg>${value} &lt;= ${high}</arg>
</arguments>
<status status="PASS" starttime="20180505 21:51:52.716" endtime="20180505 21:51:52.717"></status>
</kw>
<kw name="Should Be True" library="BuiltIn">
<doc>Fails if the given condition is not true.</doc>
<arguments>
<arg>${value} &gt;= ${low}</arg>
</arguments>
<status status="PASS" starttime="20180505 21:51:52.717" endtime="20180505 21:51:52.717"></status>
</kw>
<status status="PASS" starttime="20180505 21:51:52.713" endtime="20180505 21:51:52.717"></status>
</kw>
<status status="PASS" starttime="20180505 21:51:52.704" endtime="20180505 21:51:52.717"></status>
</kw>
<status status="PASS" starttime="20180505 21:51:52.704" endtime="20180505 21:51:52.717"></status>
</kw>
<kw name="Evaluate" library="BuiltIn">
<doc>Evaluates the given expression in Python and returns the results.</doc>
<arguments>
<arg>${Wavelength} + ${DW}</arg>
</arguments>
<assign>
<var>${Wavelength}</var>
</assign>
<msg timestamp="20180505 21:51:52.718" level="INFO">${Wavelength} = 450.0</msg>
<status status="PASS" starttime="20180505 21:51:52.717" endtime="20180505 21:51:52.718"></status>
</kw>
<kw name="Sleep" library="BuiltIn">
<doc>Pauses the test executed for the given time.</doc>
<arguments>
<arg>${delay}</arg>
</arguments>
<msg timestamp="20180505 21:51:56.718" level="INFO">Slept 4 seconds</msg>
<status status="PASS" starttime="20180505 21:51:52.718" endtime="20180505 21:51:56.719"></status>
</kw>
<status status="PASS" starttime="20180505 21:51:41.356" endtime="20180505 21:51:56.719"></status>
</kw>
<kw name="${i} = 1" type="foritem">
<kw name="Exit For Loop If" library="BuiltIn">
<doc>Stops executing the enclosing for loop if the ``condition`` is true.</doc>
<arguments>
<arg>${Wavelength} &gt; ${MaxValue}</arg>
</arguments>
<status status="PASS" starttime="20180505 21:51:56.719" endtime="20180505 21:51:56.719"></status>
</kw>
<kw name="Log" library="BuiltIn">
<doc>Logs the given message with the given level.</doc>
<arguments>
<arg>${Wavelength}</arg>
</arguments>
<msg timestamp="20180505 21:51:56.720" level="INFO">450.0</msg>
<status status="PASS" starttime="20180505 21:51:56.719" endtime="20180505 21:51:56.720"></status>
</kw>
<kw name="Run Keyword And Continue On Failure" library="BuiltIn">
<doc>Runs the keyword and continues execution even if a failure occurs.</doc>
<arguments>
<arg>Issue Change Wavelength Command</arg>
<arg>${Wavelength}</arg>
</arguments>
<kw name="Issue Change Wavelength Command" library="atMonochromator_SAL">
<arguments>
<arg>${Wavelength}</arg>
</arguments>
<status status="PASS" starttime="20180505 21:51:56.720" endtime="20180505 21:52:08.045"></status>
</kw>
<status status="PASS" starttime="20180505 21:51:56.720" endtime="20180505 21:52:08.045"></status>
</kw>
<kw name="Run Keyword And Continue On Failure" library="BuiltIn">
<doc>Runs the keyword and continues execution even if a failure occurs.</doc>
<arguments>
<arg>Verify Wavelength Value</arg>
<arg>${Wavelength}</arg>
</arguments>
<kw name="Verify Wavelength Value" library="monochromator_helpers">
<arguments>
<arg>${Wavelength}</arg>
</arguments>
<kw name="Comment" library="BuiltIn">
<doc>Displays the given messages in the log file as keyword arguments.</doc>
<arguments>
<arg>Every change wavelength command triggers a wavelength Event.</arg>
</arguments>
<status status="PASS" starttime="20180505 21:52:08.046" endtime="20180505 21:52:08.046"></status>
</kw>
<kw name="Wait For Next Wavelength" library="atMonochromator_SAL">
<assign>
<var>${valid}</var>
<var>${data}</var>
</assign>
<msg timestamp="20180505 21:52:08.046" level="INFO">${valid} = True</msg>
<msg timestamp="20180505 21:52:08.046" level="INFO">${data} = &lt;SALPY_atMonochromator.atMonochromator_logevent_WavelengthC object at 0x7f86aad930a0&gt;</msg>
<status status="PASS" starttime="20180505 21:52:08.046" endtime="20180505 21:52:08.046"></status>
</kw>
<kw name="Should Be True" library="BuiltIn">
<doc>Fails if the given condition is not true.</doc>
<arguments>
<arg>${valid}</arg>
</arguments>
<status status="PASS" starttime="20180505 21:52:08.046" endtime="20180505 21:52:08.046"></status>
</kw>
<kw name="Verify Irrational Value" library="common">
<doc>This keyword requires the name of the attribute, its value, the tolerance and then the expected value, in that order.</doc>
<arguments>
<arg>Wavelength</arg>
<arg>${data.wavelength}</arg>
<arg>${wavelengthTol}</arg>
<arg>${expectedWavelgength}</arg>
</arguments>
<kw name="Convert To Number" library="BuiltIn">
<doc>Converts the given item to a floating point number.</doc>
<arguments>
<arg>${value}</arg>
<arg>${4}</arg>
</arguments>
<assign>
<var>${value}</var>
</assign>
<msg timestamp="20180505 21:52:08.048" level="INFO">${value} = 449.9993</msg>
<status status="PASS" starttime="20180505 21:52:08.047" endtime="20180505 21:52:08.048"></status>
</kw>
<kw name="Convert To Number" library="BuiltIn">
<doc>Converts the given item to a floating point number.</doc>
<arguments>
<arg>${ExpectedValue}</arg>
<arg>${4}</arg>
</arguments>
<assign>
<var>${ExpectedValue}</var>
</assign>
<msg timestamp="20180505 21:52:08.049" level="INFO">${ExpectedValue} = 450.0</msg>
<status status="PASS" starttime="20180505 21:52:08.048" endtime="20180505 21:52:08.049"></status>
</kw>
<kw name="Log Many" library="BuiltIn">
<doc>Logs the given messages as separate entries using the INFO level.</doc>
<arguments>
<arg>Attribute: ${attribute}</arg>
<arg>Value: ${value}</arg>
<arg>Tolerance: ${tolerance}</arg>
<arg>Expected Value: ${ExpectedValue}</arg>
</arguments>
<msg timestamp="20180505 21:52:08.049" level="INFO">Attribute: Wavelength</msg>
<msg timestamp="20180505 21:52:08.049" level="INFO">Value: 449.9993</msg>
<msg timestamp="20180505 21:52:08.049" level="INFO">Tolerance: 1</msg>
<msg timestamp="20180505 21:52:08.050" level="INFO">Expected Value: 450.0</msg>
<status status="PASS" starttime="20180505 21:52:08.049" endtime="20180505 21:52:08.050"></status>
</kw>
<kw name="Evaluate" library="BuiltIn">
<doc>Evaluates the given expression in Python and returns the results.</doc>
<arguments>
<arg>${ExpectedValue} + ${tolerance}</arg>
</arguments>
<assign>
<var>${high}</var>
</assign>
<msg timestamp="20180505 21:52:08.050" level="INFO">${high} = 451.0</msg>
<status status="PASS" starttime="20180505 21:52:08.050" endtime="20180505 21:52:08.050"></status>
</kw>
<kw name="Evaluate" library="BuiltIn">
<doc>Evaluates the given expression in Python and returns the results.</doc>
<arguments>
<arg>${ExpectedValue} - ${tolerance}</arg>
</arguments>
<assign>
<var>${low}</var>
</assign>
<msg timestamp="20180505 21:52:08.050" level="INFO">${low} = 449.0</msg>
<status status="PASS" starttime="20180505 21:52:08.050" endtime="20180505 21:52:08.050"></status>
</kw>
<kw name="Should Be True" library="BuiltIn">
<doc>Fails if the given condition is not true.</doc>
<arguments>
<arg>${value} &lt;= ${high}</arg>
</arguments>
<status status="PASS" starttime="20180505 21:52:08.051" endtime="20180505 21:52:08.060"></status>
</kw>
<kw name="Should Be True" library="BuiltIn">
<doc>Fails if the given condition is not true.</doc>
<arguments>
<arg>${value} &gt;= ${low}</arg>
</arguments>
<status status="PASS" starttime="20180505 21:52:08.060" endtime="20180505 21:52:08.060"></status>
</kw>
<status status="PASS" starttime="20180505 21:52:08.046" endtime="20180505 21:52:08.061"></status>
</kw>
<status status="PASS" starttime="20180505 21:52:08.045" endtime="20180505 21:52:08.061"></status>
</kw>
<status status="PASS" starttime="20180505 21:52:08.045" endtime="20180505 21:52:08.061"></status>
</kw>
<kw name="Evaluate" library="BuiltIn">
<doc>Evaluates the given expression in Python and returns the results.</doc>
<arguments>
<arg>${Wavelength} + ${DW}</arg>
</arguments>
<assign>
<var>${Wavelength}</var>
</assign>
<msg timestamp="20180505 21:52:08.061" level="INFO">${Wavelength} = 500.0</msg>
<status status="PASS" starttime="20180505 21:52:08.061" endtime="20180505 21:52:08.061"></status>
</kw>
<kw name="Sleep" library="BuiltIn">
<doc>Pauses the test executed for the given time.</doc>
<arguments>
<arg>${delay}</arg>
</arguments>
<msg timestamp="20180505 21:52:12.062" level="INFO">Slept 4 seconds</msg>
<status status="PASS" starttime="20180505 21:52:08.061" endtime="20180505 21:52:12.062"></status>
</kw>
<status status="PASS" starttime="20180505 21:51:56.719" endtime="20180505 21:52:12.062"></status>
</kw>
<kw name="${i} = 2" type="foritem">
<kw name="Exit For Loop If" library="BuiltIn">
<doc>Stops executing the enclosing for loop if the ``condition`` is true.</doc>
<arguments>
<arg>${Wavelength} &gt; ${MaxValue}</arg>
</arguments>
<status status="PASS" starttime="20180505 21:52:12.062" endtime="20180505 21:52:12.063"></status>
</kw>
<kw name="Log" library="BuiltIn">
<doc>Logs the given message with the given level.</doc>
<arguments>
<arg>${Wavelength}</arg>
</arguments>
<msg timestamp="20180505 21:52:12.064" level="INFO">500.0</msg>
<status status="PASS" starttime="20180505 21:52:12.063" endtime="20180505 21:52:12.064"></status>
</kw>
<kw name="Run Keyword And Continue On Failure" library="BuiltIn">
<doc>Runs the keyword and continues execution even if a failure occurs.</doc>
<arguments>
<arg>Issue Change Wavelength Command</arg>
<arg>${Wavelength}</arg>
</arguments>
<kw name="Issue Change Wavelength Command" library="atMonochromator_SAL">
<arguments>
<arg>${Wavelength}</arg>
</arguments>
<status status="PASS" starttime="20180505 21:52:12.064" endtime="20180505 21:52:23.402"></status>
</kw>
<status status="PASS" starttime="20180505 21:52:12.064" endtime="20180505 21:52:23.402"></status>
</kw>
<kw name="Run Keyword And Continue On Failure" library="BuiltIn">
<doc>Runs the keyword and continues execution even if a failure occurs.</doc>
<arguments>
<arg>Verify Wavelength Value</arg>
<arg>${Wavelength}</arg>
</arguments>
<kw name="Verify Wavelength Value" library="monochromator_helpers">
<arguments>
<arg>${Wavelength}</arg>
</arguments>
<kw name="Comment" library="BuiltIn">
<doc>Displays the given messages in the log file as keyword arguments.</doc>
<arguments>
<arg>Every change wavelength command triggers a wavelength Event.</arg>
</arguments>
<status status="PASS" starttime="20180505 21:52:23.403" endtime="20180505 21:52:23.403"></status>
</kw>
<kw name="Wait For Next Wavelength" library="atMonochromator_SAL">
<assign>
<var>${valid}</var>
<var>${data}</var>
</assign>
<msg timestamp="20180505 21:52:23.403" level="INFO">${valid} = True</msg>
<msg timestamp="20180505 21:52:23.403" level="INFO">${data} = &lt;SALPY_atMonochromator.atMonochromator_logevent_WavelengthC object at 0x7f86e8c8a928&gt;</msg>
<status status="PASS" starttime="20180505 21:52:23.403" endtime="20180505 21:52:23.403"></status>
</kw>
<kw name="Should Be True" library="BuiltIn">
<doc>Fails if the given condition is not true.</doc>
<arguments>
<arg>${valid}</arg>
</arguments>
<status status="PASS" starttime="20180505 21:52:23.403" endtime="20180505 21:52:23.403"></status>
</kw>
<kw name="Verify Irrational Value" library="common">
<doc>This keyword requires the name of the attribute, its value, the tolerance and then the expected value, in that order.</doc>
<arguments>
<arg>Wavelength</arg>
<arg>${data.wavelength}</arg>
<arg>${wavelengthTol}</arg>
<arg>${expectedWavelgength}</arg>
</arguments>
<kw name="Convert To Number" library="BuiltIn">
<doc>Converts the given item to a floating point number.</doc>
<arguments>
<arg>${value}</arg>
<arg>${4}</arg>
</arguments>
<assign>
<var>${value}</var>
</assign>
<msg timestamp="20180505 21:52:23.404" level="INFO">${value} = 500.00010000000003</msg>
<status status="PASS" starttime="20180505 21:52:23.404" endtime="20180505 21:52:23.404"></status>
</kw>
<kw name="Convert To Number" library="BuiltIn">
<doc>Converts the given item to a floating point number.</doc>
<arguments>
<arg>${ExpectedValue}</arg>
<arg>${4}</arg>
</arguments>
<assign>
<var>${ExpectedValue}</var>
</assign>
<msg timestamp="20180505 21:52:23.405" level="INFO">${ExpectedValue} = 500.0</msg>
<status status="PASS" starttime="20180505 21:52:23.404" endtime="20180505 21:52:23.405"></status>
</kw>
<kw name="Log Many" library="BuiltIn">
<doc>Logs the given messages as separate entries using the INFO level.</doc>
<arguments>
<arg>Attribute: ${attribute}</arg>
<arg>Value: ${value}</arg>
<arg>Tolerance: ${tolerance}</arg>
<arg>Expected Value: ${ExpectedValue}</arg>
</arguments>
<msg timestamp="20180505 21:52:23.405" level="INFO">Attribute: Wavelength</msg>
<msg timestamp="20180505 21:52:23.405" level="INFO">Value: 500.00010000000003</msg>
<msg timestamp="20180505 21:52:23.405" level="INFO">Tolerance: 1</msg>
<msg timestamp="20180505 21:52:23.405" level="INFO">Expected Value: 500.0</msg>
<status status="PASS" starttime="20180505 21:52:23.405" endtime="20180505 21:52:23.405"></status>
</kw>
<kw name="Evaluate" library="BuiltIn">
<doc>Evaluates the given expression in Python and returns the results.</doc>
<arguments>
<arg>${ExpectedValue} + ${tolerance}</arg>
</arguments>
<assign>
<var>${high}</var>
</assign>
<msg timestamp="20180505 21:52:23.406" level="INFO">${high} = 501.0</msg>
<status status="PASS" starttime="20180505 21:52:23.405" endtime="20180505 21:52:23.406"></status>
</kw>
<kw name="Evaluate" library="BuiltIn">
<doc>Evaluates the given expression in Python and returns the results.</doc>
<arguments>
<arg>${ExpectedValue} - ${tolerance}</arg>
</arguments>
<assign>
<var>${low}</var>
</assign>
<msg timestamp="20180505 21:52:23.406" level="INFO">${low} = 499.0</msg>
<status status="PASS" starttime="20180505 21:52:23.406" endtime="20180505 21:52:23.406"></status>
</kw>
<kw name="Should Be True" library="BuiltIn">
<doc>Fails if the given condition is not true.</doc>
<arguments>
<arg>${value} &lt;= ${high}</arg>
</arguments>
<status status="PASS" starttime="20180505 21:52:23.406" endtime="20180505 21:52:23.407"></status>
</kw>
<kw name="Should Be True" library="BuiltIn">
<doc>Fails if the given condition is not true.</doc>
<arguments>
<arg>${value} &gt;= ${low}</arg>
</arguments>
<status status="PASS" starttime="20180505 21:52:23.407" endtime="20180505 21:52:23.407"></status>
</kw>
<status status="PASS" starttime="20180505 21:52:23.404" endtime="20180505 21:52:23.407"></status>
</kw>
<status status="PASS" starttime="20180505 21:52:23.402" endtime="20180505 21:52:23.407"></status>
</kw>
<status status="PASS" starttime="20180505 21:52:23.402" endtime="20180505 21:52:23.407"></status>
</kw>
<kw name="Evaluate" library="BuiltIn">
<doc>Evaluates the given expression in Python and returns the results.</doc>
<arguments>
<arg>${Wavelength} + ${DW}</arg>
</arguments>
<assign>
<var>${Wavelength}</var>
</assign>
<msg timestamp="20180505 21:52:23.408" level="INFO">${Wavelength} = 550.0</msg>
<status status="PASS" starttime="20180505 21:52:23.407" endtime="20180505 21:52:23.408"></status>
</kw>
<kw name="Sleep" library="BuiltIn">
<doc>Pauses the test executed for the given time.</doc>
<arguments>
<arg>${delay}</arg>
</arguments>
<msg timestamp="20180505 21:52:27.409" level="INFO">Slept 4 seconds</msg>
<status status="PASS" starttime="20180505 21:52:23.408" endtime="20180505 21:52:27.409"></status>
</kw>
<status status="PASS" starttime="20180505 21:52:12.062" endtime="20180505 21:52:27.409"></status>
</kw>
<kw name="${i} = 3" type="foritem">
<kw name="Exit For Loop If" library="BuiltIn">
<doc>Stops executing the enclosing for loop if the ``condition`` is true.</doc>
<arguments>
<arg>${Wavelength} &gt; ${MaxValue}</arg>
</arguments>
<status status="PASS" starttime="20180505 21:52:27.409" endtime="20180505 21:52:27.410"></status>
</kw>
<kw name="Log" library="BuiltIn">
<doc>Logs the given message with the given level.</doc>
<arguments>
<arg>${Wavelength}</arg>
</arguments>
<msg timestamp="20180505 21:52:27.410" level="INFO">550.0</msg>
<status status="PASS" starttime="20180505 21:52:27.410" endtime="20180505 21:52:27.410"></status>
</kw>
<kw name="Run Keyword And Continue On Failure" library="BuiltIn">
<doc>Runs the keyword and continues execution even if a failure occurs.</doc>
<arguments>
<arg>Issue Change Wavelength Command</arg>
<arg>${Wavelength}</arg>
</arguments>
<kw name="Issue Change Wavelength Command" library="atMonochromator_SAL">
<arguments>
<arg>${Wavelength}</arg>
</arguments>
<status status="PASS" starttime="20180505 21:52:27.410" endtime="20180505 21:52:38.858"></status>
</kw>
<status status="PASS" starttime="20180505 21:52:27.410" endtime="20180505 21:52:38.858"></status>
</kw>
<kw name="Run Keyword And Continue On Failure" library="BuiltIn">
<doc>Runs the keyword and continues execution even if a failure occurs.</doc>
<arguments>
<arg>Verify Wavelength Value</arg>
<arg>${Wavelength}</arg>
</arguments>
<kw name="Verify Wavelength Value" library="monochromator_helpers">
<arguments>
<arg>${Wavelength}</arg>
</arguments>
<kw name="Comment" library="BuiltIn">
<doc>Displays the given messages in the log file as keyword arguments.</doc>
<arguments>
<arg>Every change wavelength command triggers a wavelength Event.</arg>
</arguments>
<status status="PASS" starttime="20180505 21:52:38.859" endtime="20180505 21:52:38.859"></status>
</kw>
<kw name="Wait For Next Wavelength" library="atMonochromator_SAL">
<assign>
<var>${valid}</var>
<var>${data}</var>
</assign>
<msg timestamp="20180505 21:52:38.859" level="INFO">${valid} = True</msg>
<msg timestamp="20180505 21:52:38.860" level="INFO">${data} = &lt;SALPY_atMonochromator.atMonochromator_logevent_WavelengthC object at 0x7f86e8cc87a0&gt;</msg>
<status status="PASS" starttime="20180505 21:52:38.859" endtime="20180505 21:52:38.860"></status>
</kw>
<kw name="Should Be True" library="BuiltIn">
<doc>Fails if the given condition is not true.</doc>
<arguments>
<arg>${valid}</arg>
</arguments>
<status status="PASS" starttime="20180505 21:52:38.860" endtime="20180505 21:52:38.860"></status>
</kw>
<kw name="Verify Irrational Value" library="common">
<doc>This keyword requires the name of the attribute, its value, the tolerance and then the expected value, in that order.</doc>
<arguments>
<arg>Wavelength</arg>
<arg>${data.wavelength}</arg>
<arg>${wavelengthTol}</arg>
<arg>${expectedWavelgength}</arg>
</arguments>
<kw name="Convert To Number" library="BuiltIn">
<doc>Converts the given item to a floating point number.</doc>
<arguments>
<arg>${value}</arg>
<arg>${4}</arg>
</arguments>
<assign>
<var>${value}</var>
</assign>
<msg timestamp="20180505 21:52:38.861" level="INFO">${value} = 550.0</msg>
<status status="PASS" starttime="20180505 21:52:38.861" endtime="20180505 21:52:38.861"></status>
</kw>
<kw name="Convert To Number" library="BuiltIn">
<doc>Converts the given item to a floating point number.</doc>
<arguments>
<arg>${ExpectedValue}</arg>
<arg>${4}</arg>
</arguments>
<assign>
<var>${ExpectedValue}</var>
</assign>
<msg timestamp="20180505 21:52:38.862" level="INFO">${ExpectedValue} = 550.0</msg>
<status status="PASS" starttime="20180505 21:52:38.861" endtime="20180505 21:52:38.862"></status>
</kw>
<kw name="Log Many" library="BuiltIn">
<doc>Logs the given messages as separate entries using the INFO level.</doc>
<arguments>
<arg>Attribute: ${attribute}</arg>
<arg>Value: ${value}</arg>
<arg>Tolerance: ${tolerance}</arg>
<arg>Expected Value: ${ExpectedValue}</arg>
</arguments>
<msg timestamp="20180505 21:52:38.862" level="INFO">Attribute: Wavelength</msg>
<msg timestamp="20180505 21:52:38.862" level="INFO">Value: 550.0</msg>
<msg timestamp="20180505 21:52:38.862" level="INFO">Tolerance: 1</msg>
<msg timestamp="20180505 21:52:38.862" level="INFO">Expected Value: 550.0</msg>
<status status="PASS" starttime="20180505 21:52:38.862" endtime="20180505 21:52:38.862"></status>
</kw>
<kw name="Evaluate" library="BuiltIn">
<doc>Evaluates the given expression in Python and returns the results.</doc>
<arguments>
<arg>${ExpectedValue} + ${tolerance}</arg>
</arguments>
<assign>
<var>${high}</var>
</assign>
<msg timestamp="20180505 21:52:38.863" level="INFO">${high} = 551.0</msg>
<status status="PASS" starttime="20180505 21:52:38.862" endtime="20180505 21:52:38.863"></status>
</kw>
<kw name="Evaluate" library="BuiltIn">
<doc>Evaluates the given expression in Python and returns the results.</doc>
<arguments>
<arg>${ExpectedValue} - ${tolerance}</arg>
</arguments>
<assign>
<var>${low}</var>
</assign>
<msg timestamp="20180505 21:52:38.863" level="INFO">${low} = 549.0</msg>
<status status="PASS" starttime="20180505 21:52:38.863" endtime="20180505 21:52:38.863"></status>
</kw>
<kw name="Should Be True" library="BuiltIn">
<doc>Fails if the given condition is not true.</doc>
<arguments>
<arg>${value} &lt;= ${high}</arg>
</arguments>
<status status="PASS" starttime="20180505 21:52:38.863" endtime="20180505 21:52:38.864"></status>
</kw>
<kw name="Should Be True" library="BuiltIn">
<doc>Fails if the given condition is not true.</doc>
<arguments>
<arg>${value} &gt;= ${low}</arg>
</arguments>
<status status="PASS" starttime="20180505 21:52:38.864" endtime="20180505 21:52:38.865"></status>
</kw>
<status status="PASS" starttime="20180505 21:52:38.860" endtime="20180505 21:52:38.865"></status>
</kw>
<status status="PASS" starttime="20180505 21:52:38.858" endtime="20180505 21:52:38.865"></status>
</kw>
<status status="PASS" starttime="20180505 21:52:38.858" endtime="20180505 21:52:38.865"></status>
</kw>
<kw name="Evaluate" library="BuiltIn">
<doc>Evaluates the given expression in Python and returns the results.</doc>
<arguments>
<arg>${Wavelength} + ${DW}</arg>
</arguments>
<assign>
<var>${Wavelength}</var>
</assign>
<msg timestamp="20180505 21:52:38.865" level="INFO">${Wavelength} = 600.0</msg>
<status status="PASS" starttime="20180505 21:52:38.865" endtime="20180505 21:52:38.865"></status>
</kw>
<kw name="Sleep" library="BuiltIn">
<doc>Pauses the test executed for the given time.</doc>
<arguments>
<arg>${delay}</arg>
</arguments>
<msg timestamp="20180505 21:52:42.866" level="INFO">Slept 4 seconds</msg>
<status status="PASS" starttime="20180505 21:52:38.865" endtime="20180505 21:52:42.867"></status>
</kw>
<status status="PASS" starttime="20180505 21:52:27.409" endtime="20180505 21:52:42.867"></status>
</kw>
<kw name="${i} = 4" type="foritem">
<kw name="Exit For Loop If" library="BuiltIn">
<doc>Stops executing the enclosing for loop if the ``condition`` is true.</doc>
<arguments>
<arg>${Wavelength} &gt; ${MaxValue}</arg>
</arguments>
<status status="PASS" starttime="20180505 21:52:42.867" endtime="20180505 21:52:42.867"></status>
</kw>
<kw name="Log" library="BuiltIn">
<doc>Logs the given message with the given level.</doc>
<arguments>
<arg>${Wavelength}</arg>
</arguments>
<msg timestamp="20180505 21:52:42.867" level="INFO">600.0</msg>
<status status="PASS" starttime="20180505 21:52:42.867" endtime="20180505 21:52:42.867"></status>
</kw>
<kw name="Run Keyword And Continue On Failure" library="BuiltIn">
<doc>Runs the keyword and continues execution even if a failure occurs.</doc>
<arguments>
<arg>Issue Change Wavelength Command</arg>
<arg>${Wavelength}</arg>
</arguments>
<kw name="Issue Change Wavelength Command" library="atMonochromator_SAL">
<arguments>
<arg>${Wavelength}</arg>
</arguments>
<status status="PASS" starttime="20180505 21:52:42.868" endtime="20180505 21:52:54.736"></status>
</kw>
<status status="PASS" starttime="20180505 21:52:42.868" endtime="20180505 21:52:54.736"></status>
</kw>
<kw name="Run Keyword And Continue On Failure" library="BuiltIn">
<doc>Runs the keyword and continues execution even if a failure occurs.</doc>
<arguments>
<arg>Verify Wavelength Value</arg>
<arg>${Wavelength}</arg>
</arguments>
<kw name="Verify Wavelength Value" library="monochromator_helpers">
<arguments>
<arg>${Wavelength}</arg>
</arguments>
<kw name="Comment" library="BuiltIn">
<doc>Displays the given messages in the log file as keyword arguments.</doc>
<arguments>
<arg>Every change wavelength command triggers a wavelength Event.</arg>
</arguments>
<status status="PASS" starttime="20180505 21:52:54.737" endtime="20180505 21:52:54.737"></status>
</kw>
<kw name="Wait For Next Wavelength" library="atMonochromator_SAL">
<assign>
<var>${valid}</var>
<var>${data}</var>
</assign>
<msg timestamp="20180505 21:52:54.737" level="INFO">${valid} = True</msg>
<msg timestamp="20180505 21:52:54.737" level="INFO">${data} = &lt;SALPY_atMonochromator.atMonochromator_logevent_WavelengthC object at 0x7f86e8c8ac70&gt;</msg>
<status status="PASS" starttime="20180505 21:52:54.737" endtime="20180505 21:52:54.737"></status>
</kw>
<kw name="Should Be True" library="BuiltIn">
<doc>Fails if the given condition is not true.</doc>
<arguments>
<arg>${valid}</arg>
</arguments>
<status status="PASS" starttime="20180505 21:52:54.737" endtime="20180505 21:52:54.737"></status>
</kw>
<kw name="Verify Irrational Value" library="common">
<doc>This keyword requires the name of the attribute, its value, the tolerance and then the expected value, in that order.</doc>
<arguments>
<arg>Wavelength</arg>
<arg>${data.wavelength}</arg>
<arg>${wavelengthTol}</arg>
<arg>${expectedWavelgength}</arg>
</arguments>
<kw name="Convert To Number" library="BuiltIn">
<doc>Converts the given item to a floating point number.</doc>
<arguments>
<arg>${value}</arg>
<arg>${4}</arg>
</arguments>
<assign>
<var>${value}</var>
</assign>
<msg timestamp="20180505 21:52:54.738" level="INFO">${value} = 599.9993000000001</msg>
<status status="PASS" starttime="20180505 21:52:54.738" endtime="20180505 21:52:54.738"></status>
</kw>
<kw name="Convert To Number" library="BuiltIn">
<doc>Converts the given item to a floating point number.</doc>
<arguments>
<arg>${ExpectedValue}</arg>
<arg>${4}</arg>
</arguments>
<assign>
<var>${ExpectedValue}</var>
</assign>
<msg timestamp="20180505 21:52:54.739" level="INFO">${ExpectedValue} = 600.0</msg>
<status status="PASS" starttime="20180505 21:52:54.738" endtime="20180505 21:52:54.739"></status>
</kw>
<kw name="Log Many" library="BuiltIn">
<doc>Logs the given messages as separate entries using the INFO level.</doc>
<arguments>
<arg>Attribute: ${attribute}</arg>
<arg>Value: ${value}</arg>
<arg>Tolerance: ${tolerance}</arg>
<arg>Expected Value: ${ExpectedValue}</arg>
</arguments>
<msg timestamp="20180505 21:52:54.739" level="INFO">Attribute: Wavelength</msg>
<msg timestamp="20180505 21:52:54.739" level="INFO">Value: 599.9993000000001</msg>
<msg timestamp="20180505 21:52:54.739" level="INFO">Tolerance: 1</msg>
<msg timestamp="20180505 21:52:54.739" level="INFO">Expected Value: 600.0</msg>
<status status="PASS" starttime="20180505 21:52:54.739" endtime="20180505 21:52:54.739"></status>
</kw>
<kw name="Evaluate" library="BuiltIn">
<doc>Evaluates the given expression in Python and returns the results.</doc>
<arguments>
<arg>${ExpectedValue} + ${tolerance}</arg>
</arguments>
<assign>
<var>${high}</var>
</assign>
<msg timestamp="20180505 21:52:54.740" level="INFO">${high} = 601.0</msg>
<status status="PASS" starttime="20180505 21:52:54.739" endtime="20180505 21:52:54.740"></status>
</kw>
<kw name="Evaluate" library="BuiltIn">
<doc>Evaluates the given expression in Python and returns the results.</doc>
<arguments>
<arg>${ExpectedValue} - ${tolerance}</arg>
</arguments>
<assign>
<var>${low}</var>
</assign>
<msg timestamp="20180505 21:52:54.740" level="INFO">${low} = 599.0</msg>
<status status="PASS" starttime="20180505 21:52:54.740" endtime="20180505 21:52:54.740"></status>
</kw>
<kw name="Should Be True" library="BuiltIn">
<doc>Fails if the given condition is not true.</doc>
<arguments>
<arg>${value} &lt;= ${high}</arg>
</arguments>
<status status="PASS" starttime="20180505 21:52:54.740" endtime="20180505 21:52:54.741"></status>
</kw>
<kw name="Should Be True" library="BuiltIn">
<doc>Fails if the given condition is not true.</doc>
<arguments>
<arg>${value} &gt;= ${low}</arg>
</arguments>
<status status="PASS" starttime="20180505 21:52:54.741" endtime="20180505 21:52:54.741"></status>
</kw>
<status status="PASS" starttime="20180505 21:52:54.737" endtime="20180505 21:52:54.741"></status>
</kw>
<status status="PASS" starttime="20180505 21:52:54.736" endtime="20180505 21:52:54.741"></status>
</kw>
<status status="PASS" starttime="20180505 21:52:54.736" endtime="20180505 21:52:54.741"></status>
</kw>
<kw name="Evaluate" library="BuiltIn">
<doc>Evaluates the given expression in Python and returns the results.</doc>
<arguments>
<arg>${Wavelength} + ${DW}</arg>
</arguments>
<assign>
<var>${Wavelength}</var>
</assign>
<msg timestamp="20180505 21:52:54.742" level="INFO">${Wavelength} = 650.0</msg>
<status status="PASS" starttime="20180505 21:52:54.741" endtime="20180505 21:52:54.742"></status>
</kw>
<kw name="Sleep" library="BuiltIn">
<doc>Pauses the test executed for the given time.</doc>
<arguments>
<arg>${delay}</arg>
</arguments>
<msg timestamp="20180505 21:52:58.742" level="INFO">Slept 4 seconds</msg>
<status status="PASS" starttime="20180505 21:52:54.742" endtime="20180505 21:52:58.742"></status>
</kw>
<status status="PASS" starttime="20180505 21:52:42.867" endtime="20180505 21:52:58.742"></status>
</kw>
<kw name="${i} = 5" type="foritem">
<kw name="Exit For Loop If" library="BuiltIn">
<doc>Stops executing the enclosing for loop if the ``condition`` is true.</doc>
<arguments>
<arg>${Wavelength} &gt; ${MaxValue}</arg>
</arguments>
<status status="PASS" starttime="20180505 21:52:58.743" endtime="20180505 21:52:58.744"></status>
</kw>
<kw name="Log" library="BuiltIn">
<doc>Logs the given message with the given level.</doc>
<arguments>
<arg>${Wavelength}</arg>
</arguments>
<msg timestamp="20180505 21:52:58.745" level="INFO">650.0</msg>
<status status="PASS" starttime="20180505 21:52:58.744" endtime="20180505 21:52:58.745"></status>
</kw>
<kw name="Run Keyword And Continue On Failure" library="BuiltIn">
<doc>Runs the keyword and continues execution even if a failure occurs.</doc>
<arguments>
<arg>Issue Change Wavelength Command</arg>
<arg>${Wavelength}</arg>
</arguments>
<kw name="Issue Change Wavelength Command" library="atMonochromator_SAL">
<arguments>
<arg>${Wavelength}</arg>
</arguments>
<status status="PASS" starttime="20180505 21:52:58.745" endtime="20180505 21:53:10.720"></status>
</kw>
<status status="PASS" starttime="20180505 21:52:58.745" endtime="20180505 21:53:10.720"></status>
</kw>
<kw name="Run Keyword And Continue On Failure" library="BuiltIn">
<doc>Runs the keyword and continues execution even if a failure occurs.</doc>
<arguments>
<arg>Verify Wavelength Value</arg>
<arg>${Wavelength}</arg>
</arguments>
<kw name="Verify Wavelength Value" library="monochromator_helpers">
<arguments>
<arg>${Wavelength}</arg>
</arguments>
<kw name="Comment" library="BuiltIn">
<doc>Displays the given messages in the log file as keyword arguments.</doc>
<arguments>
<arg>Every change wavelength command triggers a wavelength Event.</arg>
</arguments>
<status status="PASS" starttime="20180505 21:53:10.721" endtime="20180505 21:53:10.721"></status>
</kw>
<kw name="Wait For Next Wavelength" library="atMonochromator_SAL">
<assign>
<var>${valid}</var>
<var>${data}</var>
</assign>
<msg timestamp="20180505 21:53:10.721" level="INFO">${valid} = True</msg>
<msg timestamp="20180505 21:53:10.721" level="INFO">${data} = &lt;SALPY_atMonochromator.atMonochromator_logevent_WavelengthC object at 0x7f86aad938f0&gt;</msg>
<status status="PASS" starttime="20180505 21:53:10.721" endtime="20180505 21:53:10.721"></status>
</kw>
<kw name="Should Be True" library="BuiltIn">
<doc>Fails if the given condition is not true.</doc>
<arguments>
<arg>${valid}</arg>
</arguments>
<status status="PASS" starttime="20180505 21:53:10.721" endtime="20180505 21:53:10.722"></status>
</kw>
<kw name="Verify Irrational Value" library="common">
<doc>This keyword requires the name of the attribute, its value, the tolerance and then the expected value, in that order.</doc>
<arguments>
<arg>Wavelength</arg>
<arg>${data.wavelength}</arg>
<arg>${wavelengthTol}</arg>
<arg>${expectedWavelgength}</arg>
</arguments>
<kw name="Convert To Number" library="BuiltIn">
<doc>Converts the given item to a floating point number.</doc>
<arguments>
<arg>${value}</arg>
<arg>${4}</arg>
</arguments>
<assign>
<var>${value}</var>
</assign>
<msg timestamp="20180505 21:53:10.722" level="INFO">${value} = 649.9999</msg>
<status status="PASS" starttime="20180505 21:53:10.722" endtime="20180505 21:53:10.723"></status>
</kw>
<kw name="Convert To Number" library="BuiltIn">
<doc>Converts the given item to a floating point number.</doc>
<arguments>
<arg>${ExpectedValue}</arg>
<arg>${4}</arg>
</arguments>
<assign>
<var>${ExpectedValue}</var>
</assign>
<msg timestamp="20180505 21:53:10.723" level="INFO">${ExpectedValue} = 650.0</msg>
<status status="PASS" starttime="20180505 21:53:10.723" endtime="20180505 21:53:10.723"></status>
</kw>
<kw name="Log Many" library="BuiltIn">
<doc>Logs the given messages as separate entries using the INFO level.</doc>
<arguments>
<arg>Attribute: ${attribute}</arg>
<arg>Value: ${value}</arg>
<arg>Tolerance: ${tolerance}</arg>
<arg>Expected Value: ${ExpectedValue}</arg>
</arguments>
<msg timestamp="20180505 21:53:10.723" level="INFO">Attribute: Wavelength</msg>
<msg timestamp="20180505 21:53:10.723" level="INFO">Value: 649.9999</msg>
<msg timestamp="20180505 21:53:10.723" level="INFO">Tolerance: 1</msg>
<msg timestamp="20180505 21:53:10.723" level="INFO">Expected Value: 650.0</msg>
<status status="PASS" starttime="20180505 21:53:10.723" endtime="20180505 21:53:10.724"></status>
</kw>
<kw name="Evaluate" library="BuiltIn">
<doc>Evaluates the given expression in Python and returns the results.</doc>
<arguments>
<arg>${ExpectedValue} + ${tolerance}</arg>
</arguments>
<assign>
<var>${high}</var>
</assign>
<msg timestamp="20180505 21:53:10.724" level="INFO">${high} = 651.0</msg>
<status status="PASS" starttime="20180505 21:53:10.724" endtime="20180505 21:53:10.724"></status>
</kw>
<kw name="Evaluate" library="BuiltIn">
<doc>Evaluates the given expression in Python and returns the results.</doc>
<arguments>
<arg>${ExpectedValue} - ${tolerance}</arg>
</arguments>
<assign>
<var>${low}</var>
</assign>
<msg timestamp="20180505 21:53:10.724" level="INFO">${low} = 649.0</msg>
<status status="PASS" starttime="20180505 21:53:10.724" endtime="20180505 21:53:10.724"></status>
</kw>
<kw name="Should Be True" library="BuiltIn">
<doc>Fails if the given condition is not true.</doc>
<arguments>
<arg>${value} &lt;= ${high}</arg>
</arguments>
<status status="PASS" starttime="20180505 21:53:10.725" endtime="20180505 21:53:10.725"></status>
</kw>
<kw name="Should Be True" library="BuiltIn">
<doc>Fails if the given condition is not true.</doc>
<arguments>
<arg>${value} &gt;= ${low}</arg>
</arguments>
<status status="PASS" starttime="20180505 21:53:10.725" endtime="20180505 21:53:10.725"></status>
</kw>
<status status="PASS" starttime="20180505 21:53:10.722" endtime="20180505 21:53:10.725"></status>
</kw>
<status status="PASS" starttime="20180505 21:53:10.720" endtime="20180505 21:53:10.725"></status>
</kw>
<status status="PASS" starttime="20180505 21:53:10.720" endtime="20180505 21:53:10.725"></status>
</kw>
<kw name="Evaluate" library="BuiltIn">
<doc>Evaluates the given expression in Python and returns the results.</doc>
<arguments>
<arg>${Wavelength} + ${DW}</arg>
</arguments>
<assign>
<var>${Wavelength}</var>
</assign>
<msg timestamp="20180505 21:53:10.726" level="INFO">${Wavelength} = 700.0</msg>
<status status="PASS" starttime="20180505 21:53:10.726" endtime="20180505 21:53:10.726"></status>
</kw>
<kw name="Sleep" library="BuiltIn">
<doc>Pauses the test executed for the given time.</doc>
<arguments>
<arg>${delay}</arg>
</arguments>
<msg timestamp="20180505 21:53:14.726" level="INFO">Slept 4 seconds</msg>
<status status="PASS" starttime="20180505 21:53:10.726" endtime="20180505 21:53:14.727"></status>
</kw>
<status status="PASS" starttime="20180505 21:52:58.743" endtime="20180505 21:53:14.727"></status>
</kw>
<kw name="${i} = 6" type="foritem">
<kw name="Exit For Loop If" library="BuiltIn">
<doc>Stops executing the enclosing for loop if the ``condition`` is true.</doc>
<arguments>
<arg>${Wavelength} &gt; ${MaxValue}</arg>
</arguments>
<msg timestamp="20180505 21:53:14.727" level="INFO">Exiting for loop altogether.</msg>
<status status="PASS" starttime="20180505 21:53:14.727" endtime="20180505 21:53:14.727"></status>
</kw>
<status status="PASS" starttime="20180505 21:53:14.727" endtime="20180505 21:53:14.727"></status>
</kw>
<status status="PASS" starttime="20180505 21:51:41.330" endtime="20180505 21:53:14.737"></status>
</kw>
<kw name="Log" library="BuiltIn">
<doc>Logs the given message with the given level.</doc>
<arguments>
<arg>Exited</arg>
</arguments>
<msg timestamp="20180505 21:53:14.738" level="INFO">Exited</msg>
<status status="PASS" starttime="20180505 21:53:14.738" endtime="20180505 21:53:14.738"></status>
</kw>
<tags>
<tag>functional</tag>
</tags>
<status status="PASS" starttime="20180505 21:51:41.328" endtime="20180505 21:53:14.738" critical="yes"></status>
</test>
<test id="s1-t5" name="From Enable Update Grating to set it to Red and verify value">
<kw name="Comment" library="BuiltIn">
<doc>Displays the given messages in the log file as keyword arguments.</doc>
<arguments>
<arg>Update Grating and verify value.</arg>
</arguments>
<status status="PASS" starttime="20180505 21:53:14.739" endtime="20180505 21:53:14.739"></status>
</kw>
<kw name="Convert To Integer" library="BuiltIn">
<doc>Converts the given item to an integer number.</doc>
<arguments>
<arg>${Red}</arg>
</arguments>
<assign>
<var>${GR}</var>
</assign>
<msg timestamp="20180505 21:53:14.739" level="INFO">${GR} = 2</msg>
<status status="PASS" starttime="20180505 21:53:14.739" endtime="20180505 21:53:14.739"></status>
</kw>
<kw name="Issue Select Grating Command" library="atMonochromator_SAL">
<arguments>
<arg>${GR}</arg>
</arguments>
<status status="PASS" starttime="20180505 21:53:14.739" endtime="20180505 21:53:26.394"></status>
</kw>
<kw name="Verify Grating Value" library="monochromator_helpers">
<arguments>
<arg>${GR}</arg>
</arguments>
<kw name="Comment" library="BuiltIn">
<doc>Displays the given messages in the log file as keyword arguments.</doc>
<arguments>
<arg>Every change in grating command triggers a grating Event.</arg>
</arguments>
<status status="PASS" starttime="20180505 21:53:26.394" endtime="20180505 21:53:26.395"></status>
</kw>
<kw name="Wait For Next Selected Grating" library="atMonochromator_SAL">
<assign>
<var>${valid}</var>
<var>${data}</var>
</assign>
<msg timestamp="20180505 21:53:50.419" level="INFO">${valid} = True</msg>
<msg timestamp="20180505 21:53:50.419" level="INFO">${data} = &lt;SALPY_atMonochromator.atMonochromator_logevent_SelectedGratingC object at 0x7f86e8ccea40&gt;</msg>
<status status="PASS" starttime="20180505 21:53:26.395" endtime="20180505 21:53:50.419"></status>
</kw>
<kw name="Should Be True" library="BuiltIn">
<doc>Fails if the given condition is not true.</doc>
<arguments>
<arg>${valid}</arg>
</arguments>
<status status="PASS" starttime="20180505 21:53:50.419" endtime="20180505 21:53:50.419"></status>
</kw>
<kw name="Verify Rational Value" library="common">
<doc>This keyword requires the name of the attribute, its value, and then the expected value, in that order.</doc>
<arguments>
<arg>Grating</arg>
<arg>${data.gratingType}</arg>
<arg>${expectedGrating}</arg>
</arguments>
<kw name="Convert To Number" library="BuiltIn">
<doc>Converts the given item to a floating point number.</doc>
<arguments>
<arg>${value}</arg>
</arguments>
<assign>
<var>${value}</var>
</assign>
<msg timestamp="20180505 21:53:50.420" level="INFO">${value} = 2.0</msg>
<status status="PASS" starttime="20180505 21:53:50.420" endtime="20180505 21:53:50.420"></status>
</kw>
<kw name="Convert To Number" library="BuiltIn">
<doc>Converts the given item to a floating point number.</doc>
<arguments>
<arg>${ExpectedValue}</arg>
</arguments>
<assign>
<var>${ExpectedValue}</var>
</assign>
<msg timestamp="20180505 21:53:50.420" level="INFO">${ExpectedValue} = 2.0</msg>
<status status="PASS" starttime="20180505 21:53:50.420" endtime="20180505 21:53:50.420"></status>
</kw>
<kw name="Log Many" library="BuiltIn">
<doc>Logs the given messages as separate entries using the INFO level.</doc>
<arguments>
<arg>Attribute: ${attribute}</arg>
<arg>Value: ${value}</arg>
<arg>Expected Value: ${ExpectedValue}</arg>
</arguments>
<msg timestamp="20180505 21:53:50.421" level="INFO">Attribute: Grating</msg>
<msg timestamp="20180505 21:53:50.421" level="INFO">Value: 2.0</msg>
<msg timestamp="20180505 21:53:50.421" level="INFO">Expected Value: 2.0</msg>
<status status="PASS" starttime="20180505 21:53:50.420" endtime="20180505 21:53:50.421"></status>
</kw>
<kw name="Should Be Equal" library="BuiltIn">
<doc>Fails if the given objects are unequal.</doc>
<arguments>
<arg>${value}</arg>
<arg>${ExpectedValue}</arg>
</arguments>
<status status="PASS" starttime="20180505 21:53:50.421" endtime="20180505 21:53:50.421"></status>
</kw>
<status status="PASS" starttime="20180505 21:53:50.419" endtime="20180505 21:53:50.422"></status>
</kw>
<status status="PASS" starttime="20180505 21:53:26.394" endtime="20180505 21:53:50.422"></status>
</kw>
<kw name="Sleep" library="BuiltIn">
<doc>Pauses the test executed for the given time.</doc>
<arguments>
<arg>${delay}</arg>
</arguments>
<msg timestamp="20180505 21:53:54.422" level="INFO">Slept 4 seconds</msg>
<status status="PASS" starttime="20180505 21:53:50.422" endtime="20180505 21:53:54.422"></status>
</kw>
<tags>
<tag>functional</tag>
</tags>
<status status="PASS" starttime="20180505 21:53:14.738" endtime="20180505 21:53:54.423" critical="yes"></status>
</test>
<test id="s1-t6" name="From Enable Update Wavelength in Red Grating and verify value">
<kw name="Comment" library="BuiltIn">
<doc>Displays the given messages in the log file as keyword arguments.</doc>
<arguments>
<arg>Update Wavelength.</arg>
</arguments>
<status status="PASS" starttime="20180505 21:53:54.424" endtime="20180505 21:53:54.424"></status>
</kw>
<kw name="Convert To Number" library="BuiltIn">
<doc>Converts the given item to a floating point number.</doc>
<arguments>
<arg>${DeltaWavelength}</arg>
</arguments>
<assign>
<var>${DW}</var>
</assign>
<msg timestamp="20180505 21:53:54.424" level="INFO">${DW} = 50.0</msg>
<status status="PASS" starttime="20180505 21:53:54.424" endtime="20180505 21:53:54.424"></status>
</kw>
<kw name="Convert To Number" library="BuiltIn">
<doc>Converts the given item to a floating point number.</doc>
<arguments>
<arg>${MaxWavelengthGR1}</arg>
</arguments>
<assign>
<var>${Wavelength}</var>
</assign>
<msg timestamp="20180505 21:53:54.425" level="INFO">${Wavelength} = 650.0</msg>
<status status="PASS" starttime="20180505 21:53:54.424" endtime="20180505 21:53:54.425"></status>
</kw>
<kw name="Convert To Number" library="BuiltIn">
<doc>Converts the given item to a floating point number.</doc>
<arguments>
<arg>${MaxWavelengthGR2}</arg>
</arguments>
<assign>
<var>${MaxValue}</var>
</assign>
<msg timestamp="20180505 21:53:54.425" level="INFO">${MaxValue} = 1200.0</msg>
<status status="PASS" starttime="20180505 21:53:54.425" endtime="20180505 21:53:54.425"></status>
</kw>
<kw name="${i} IN RANGE [ 999999 ]" type="for">
<kw name="${i} = 0" type="foritem">
<kw name="Exit For Loop If" library="BuiltIn">
<doc>Stops executing the enclosing for loop if the ``condition`` is true.</doc>
<arguments>
<arg>${Wavelength} &gt; ${MaxValue}</arg>
</arguments>
<status status="PASS" starttime="20180505 21:53:54.445" endtime="20180505 21:53:54.445"></status>
</kw>
<kw name="Log" library="BuiltIn">
<doc>Logs the given message with the given level.</doc>
<arguments>
<arg>${Wavelength}</arg>
</arguments>
<msg timestamp="20180505 21:53:54.445" level="INFO">650.0</msg>
<status status="PASS" starttime="20180505 21:53:54.445" endtime="20180505 21:53:54.446"></status>
</kw>
<kw name="Run Keyword And Continue On Failure" library="BuiltIn">
<doc>Runs the keyword and continues execution even if a failure occurs.</doc>
<arguments>
<arg>Issue Change Wavelength Command</arg>
<arg>${Wavelength}</arg>
</arguments>
<kw name="Issue Change Wavelength Command" library="atMonochromator_SAL">
<arguments>
<arg>${Wavelength}</arg>
</arguments>
<status status="PASS" starttime="20180505 21:53:54.446" endtime="20180505 21:54:06.201"></status>
</kw>
<status status="PASS" starttime="20180505 21:53:54.446" endtime="20180505 21:54:06.201"></status>
</kw>
<kw name="Run Keyword And Continue On Failure" library="BuiltIn">
<doc>Runs the keyword and continues execution even if a failure occurs.</doc>
<arguments>
<arg>Verify Wavelength Value</arg>
<arg>${Wavelength}</arg>
</arguments>
<kw name="Verify Wavelength Value" library="monochromator_helpers">
<arguments>
<arg>${Wavelength}</arg>
</arguments>
<kw name="Comment" library="BuiltIn">
<doc>Displays the given messages in the log file as keyword arguments.</doc>
<arguments>
<arg>Every change wavelength command triggers a wavelength Event.</arg>
</arguments>
<status status="PASS" starttime="20180505 21:54:06.202" endtime="20180505 21:54:06.202"></status>
</kw>
<kw name="Wait For Next Wavelength" library="atMonochromator_SAL">
<assign>
<var>${valid}</var>
<var>${data}</var>
</assign>
<msg timestamp="20180505 21:54:06.202" level="INFO">${valid} = True</msg>
<msg timestamp="20180505 21:54:06.202" level="INFO">${data} = &lt;SALPY_atMonochromator.atMonochromator_logevent_WavelengthC object at 0x7f86aad93998&gt;</msg>
<status status="PASS" starttime="20180505 21:54:06.202" endtime="20180505 21:54:06.203"></status>
</kw>
<kw name="Should Be True" library="BuiltIn">
<doc>Fails if the given condition is not true.</doc>
<arguments>
<arg>${valid}</arg>
</arguments>
<status status="PASS" starttime="20180505 21:54:06.203" endtime="20180505 21:54:06.203"></status>
</kw>
<kw name="Verify Irrational Value" library="common">
<doc>This keyword requires the name of the attribute, its value, the tolerance and then the expected value, in that order.</doc>
<arguments>
<arg>Wavelength</arg>
<arg>${data.wavelength}</arg>
<arg>${wavelengthTol}</arg>
<arg>${expectedWavelgength}</arg>
</arguments>
<kw name="Convert To Number" library="BuiltIn">
<doc>Converts the given item to a floating point number.</doc>
<arguments>
<arg>${value}</arg>
<arg>${4}</arg>
</arguments>
<assign>
<var>${value}</var>
</assign>
<msg timestamp="20180505 21:54:06.204" level="INFO">${value} = 650.0002000000001</msg>
<status status="PASS" starttime="20180505 21:54:06.203" endtime="20180505 21:54:06.204"></status>
</kw>
<kw name="Convert To Number" library="BuiltIn">
<doc>Converts the given item to a floating point number.</doc>
<arguments>
<arg>${ExpectedValue}</arg>
<arg>${4}</arg>
</arguments>
<assign>
<var>${ExpectedValue}</var>
</assign>
<msg timestamp="20180505 21:54:06.204" level="INFO">${ExpectedValue} = 650.0</msg>
<status status="PASS" starttime="20180505 21:54:06.204" endtime="20180505 21:54:06.204"></status>
</kw>
<kw name="Log Many" library="BuiltIn">
<doc>Logs the given messages as separate entries using the INFO level.</doc>
<arguments>
<arg>Attribute: ${attribute}</arg>
<arg>Value: ${value}</arg>
<arg>Tolerance: ${tolerance}</arg>
<arg>Expected Value: ${ExpectedValue}</arg>
</arguments>
<msg timestamp="20180505 21:54:06.204" level="INFO">Attribute: Wavelength</msg>
<msg timestamp="20180505 21:54:06.204" level="INFO">Value: 650.0002000000001</msg>
<msg timestamp="20180505 21:54:06.205" level="INFO">Tolerance: 1</msg>
<msg timestamp="20180505 21:54:06.205" level="INFO">Expected Value: 650.0</msg>
<status status="PASS" starttime="20180505 21:54:06.204" endtime="20180505 21:54:06.205"></status>
</kw>
<kw name="Evaluate" library="BuiltIn">
<doc>Evaluates the given expression in Python and returns the results.</doc>
<arguments>
<arg>${ExpectedValue} + ${tolerance}</arg>
</arguments>
<assign>
<var>${high}</var>
</assign>
<msg timestamp="20180505 21:54:06.205" level="INFO">${high} = 651.0</msg>
<status status="PASS" starttime="20180505 21:54:06.205" endtime="20180505 21:54:06.205"></status>
</kw>
<kw name="Evaluate" library="BuiltIn">
<doc>Evaluates the given expression in Python and returns the results.</doc>
<arguments>
<arg>${ExpectedValue} - ${tolerance}</arg>
</arguments>
<assign>
<var>${low}</var>
</assign>
<msg timestamp="20180505 21:54:06.206" level="INFO">${low} = 649.0</msg>
<status status="PASS" starttime="20180505 21:54:06.205" endtime="20180505 21:54:06.206"></status>
</kw>
<kw name="Should Be True" library="BuiltIn">
<doc>Fails if the given condition is not true.</doc>
<arguments>
<arg>${value} &lt;= ${high}</arg>
</arguments>
<status status="PASS" starttime="20180505 21:54:06.206" endtime="20180505 21:54:06.206"></status>
</kw>
<kw name="Should Be True" library="BuiltIn">
<doc>Fails if the given condition is not true.</doc>
<arguments>
<arg>${value} &gt;= ${low}</arg>
</arguments>
<status status="PASS" starttime="20180505 21:54:06.206" endtime="20180505 21:54:06.207"></status>
</kw>
<status status="PASS" starttime="20180505 21:54:06.203" endtime="20180505 21:54:06.207"></status>
</kw>
<status status="PASS" starttime="20180505 21:54:06.201" endtime="20180505 21:54:06.207"></status>
</kw>
<status status="PASS" starttime="20180505 21:54:06.201" endtime="20180505 21:54:06.207"></status>
</kw>
<kw name="Evaluate" library="BuiltIn">
<doc>Evaluates the given expression in Python and returns the results.</doc>
<arguments>
<arg>${Wavelength} + ${DW}</arg>
</arguments>
<assign>
<var>${Wavelength}</var>
</assign>
<msg timestamp="20180505 21:54:06.207" level="INFO">${Wavelength} = 700.0</msg>
<status status="PASS" starttime="20180505 21:54:06.207" endtime="20180505 21:54:06.207"></status>
</kw>
<kw name="Sleep" library="BuiltIn">
<doc>Pauses the test executed for the given time.</doc>
<arguments>
<arg>${delay}</arg>
</arguments>
<msg timestamp="20180505 21:54:10.208" level="INFO">Slept 4 seconds</msg>
<status status="PASS" starttime="20180505 21:54:06.207" endtime="20180505 21:54:10.208"></status>
</kw>
<status status="PASS" starttime="20180505 21:53:54.445" endtime="20180505 21:54:10.208"></status>
</kw>
<kw name="${i} = 1" type="foritem">
<kw name="Exit For Loop If" library="BuiltIn">
<doc>Stops executing the enclosing for loop if the ``condition`` is true.</doc>
<arguments>
<arg>${Wavelength} &gt; ${MaxValue}</arg>
</arguments>
<status status="PASS" starttime="20180505 21:54:10.208" endtime="20180505 21:54:10.208"></status>
</kw>
<kw name="Log" library="BuiltIn">
<doc>Logs the given message with the given level.</doc>
<arguments>
<arg>${Wavelength}</arg>
</arguments>
<msg timestamp="20180505 21:54:10.208" level="INFO">700.0</msg>
<status status="PASS" starttime="20180505 21:54:10.208" endtime="20180505 21:54:10.209"></status>
</kw>
<kw name="Run Keyword And Continue On Failure" library="BuiltIn">
<doc>Runs the keyword and continues execution even if a failure occurs.</doc>
<arguments>
<arg>Issue Change Wavelength Command</arg>
<arg>${Wavelength}</arg>
</arguments>
<kw name="Issue Change Wavelength Command" library="atMonochromator_SAL">
<arguments>
<arg>${Wavelength}</arg>
</arguments>
<status status="PASS" starttime="20180505 21:54:10.209" endtime="20180505 21:54:21.763"></status>
</kw>
<status status="PASS" starttime="20180505 21:54:10.209" endtime="20180505 21:54:21.763"></status>
</kw>
<kw name="Run Keyword And Continue On Failure" library="BuiltIn">
<doc>Runs the keyword and continues execution even if a failure occurs.</doc>
<arguments>
<arg>Verify Wavelength Value</arg>
<arg>${Wavelength}</arg>
</arguments>
<kw name="Verify Wavelength Value" library="monochromator_helpers">
<arguments>
<arg>${Wavelength}</arg>
</arguments>
<kw name="Comment" library="BuiltIn">
<doc>Displays the given messages in the log file as keyword arguments.</doc>
<arguments>
<arg>Every change wavelength command triggers a wavelength Event.</arg>
</arguments>
<status status="PASS" starttime="20180505 21:54:21.772" endtime="20180505 21:54:21.772"></status>
</kw>
<kw name="Wait For Next Wavelength" library="atMonochromator_SAL">
<assign>
<var>${valid}</var>
<var>${data}</var>
</assign>
<msg timestamp="20180505 21:54:21.772" level="INFO">${valid} = True</msg>
<msg timestamp="20180505 21:54:21.772" level="INFO">${data} = &lt;SALPY_atMonochromator.atMonochromator_logevent_WavelengthC object at 0x7f86aad93ab0&gt;</msg>
<status status="PASS" starttime="20180505 21:54:21.772" endtime="20180505 21:54:21.772"></status>
</kw>
<kw name="Should Be True" library="BuiltIn">
<doc>Fails if the given condition is not true.</doc>
<arguments>
<arg>${valid}</arg>
</arguments>
<status status="PASS" starttime="20180505 21:54:21.773" endtime="20180505 21:54:21.773"></status>
</kw>
<kw name="Verify Irrational Value" library="common">
<doc>This keyword requires the name of the attribute, its value, the tolerance and then the expected value, in that order.</doc>
<arguments>
<arg>Wavelength</arg>
<arg>${data.wavelength}</arg>
<arg>${wavelengthTol}</arg>
<arg>${expectedWavelgength}</arg>
</arguments>
<kw name="Convert To Number" library="BuiltIn">
<doc>Converts the given item to a floating point number.</doc>
<arguments>
<arg>${value}</arg>
<arg>${4}</arg>
</arguments>
<assign>
<var>${value}</var>
</assign>
<msg timestamp="20180505 21:54:21.775" level="INFO">${value} = 699.9998</msg>
<status status="PASS" starttime="20180505 21:54:21.775" endtime="20180505 21:54:21.775"></status>
</kw>
<kw name="Convert To Number" library="BuiltIn">
<doc>Converts the given item to a floating point number.</doc>
<arguments>
<arg>${ExpectedValue}</arg>
<arg>${4}</arg>
</arguments>
<assign>
<var>${ExpectedValue}</var>
</assign>
<msg timestamp="20180505 21:54:21.775" level="INFO">${ExpectedValue} = 700.0</msg>
<status status="PASS" starttime="20180505 21:54:21.775" endtime="20180505 21:54:21.776"></status>
</kw>
<kw name="Log Many" library="BuiltIn">
<doc>Logs the given messages as separate entries using the INFO level.</doc>
<arguments>
<arg>Attribute: ${attribute}</arg>
<arg>Value: ${value}</arg>
<arg>Tolerance: ${tolerance}</arg>
<arg>Expected Value: ${ExpectedValue}</arg>
</arguments>
<msg timestamp="20180505 21:54:21.776" level="INFO">Attribute: Wavelength</msg>
<msg timestamp="20180505 21:54:21.776" level="INFO">Value: 699.9998</msg>
<msg timestamp="20180505 21:54:21.776" level="INFO">Tolerance: 1</msg>
<msg timestamp="20180505 21:54:21.776" level="INFO">Expected Value: 700.0</msg>
<status status="PASS" starttime="20180505 21:54:21.776" endtime="20180505 21:54:21.776"></status>
</kw>
<kw name="Evaluate" library="BuiltIn">
<doc>Evaluates the given expression in Python and returns the results.</doc>
<arguments>
<arg>${ExpectedValue} + ${tolerance}</arg>
</arguments>
<assign>
<var>${high}</var>
</assign>
<msg timestamp="20180505 21:54:21.776" level="INFO">${high} = 701.0</msg>
<status status="PASS" starttime="20180505 21:54:21.776" endtime="20180505 21:54:21.776"></status>
</kw>
<kw name="Evaluate" library="BuiltIn">
<doc>Evaluates the given expression in Python and returns the results.</doc>
<arguments>
<arg>${ExpectedValue} - ${tolerance}</arg>
</arguments>
<assign>
<var>${low}</var>
</assign>
<msg timestamp="20180505 21:54:21.777" level="INFO">${low} = 699.0</msg>
<status status="PASS" starttime="20180505 21:54:21.777" endtime="20180505 21:54:21.777"></status>
</kw>
<kw name="Should Be True" library="BuiltIn">
<doc>Fails if the given condition is not true.</doc>
<arguments>
<arg>${value} &lt;= ${high}</arg>
</arguments>
<status status="PASS" starttime="20180505 21:54:21.777" endtime="20180505 21:54:21.777"></status>
</kw>
<kw name="Should Be True" library="BuiltIn">
<doc>Fails if the given condition is not true.</doc>
<arguments>
<arg>${value} &gt;= ${low}</arg>
</arguments>
<status status="PASS" starttime="20180505 21:54:21.777" endtime="20180505 21:54:21.778"></status>
</kw>
<status status="PASS" starttime="20180505 21:54:21.773" endtime="20180505 21:54:21.778"></status>
</kw>
<status status="PASS" starttime="20180505 21:54:21.764" endtime="20180505 21:54:21.778"></status>
</kw>
<status status="PASS" starttime="20180505 21:54:21.763" endtime="20180505 21:54:21.778"></status>
</kw>
<kw name="Evaluate" library="BuiltIn">
<doc>Evaluates the given expression in Python and returns the results.</doc>
<arguments>
<arg>${Wavelength} + ${DW}</arg>
</arguments>
<assign>
<var>${Wavelength}</var>
</assign>
<msg timestamp="20180505 21:54:21.778" level="INFO">${Wavelength} = 750.0</msg>
<status status="PASS" starttime="20180505 21:54:21.778" endtime="20180505 21:54:21.778"></status>
</kw>
<kw name="Sleep" library="BuiltIn">
<doc>Pauses the test executed for the given time.</doc>
<arguments>
<arg>${delay}</arg>
</arguments>
<msg timestamp="20180505 21:54:25.779" level="INFO">Slept 4 seconds</msg>
<status status="PASS" starttime="20180505 21:54:21.778" endtime="20180505 21:54:25.779"></status>
</kw>
<status status="PASS" starttime="20180505 21:54:10.208" endtime="20180505 21:54:25.779"></status>
</kw>
<kw name="${i} = 2" type="foritem">
<kw name="Exit For Loop If" library="BuiltIn">
<doc>Stops executing the enclosing for loop if the ``condition`` is true.</doc>
<arguments>
<arg>${Wavelength} &gt; ${MaxValue}</arg>
</arguments>
<status status="PASS" starttime="20180505 21:54:25.779" endtime="20180505 21:54:25.780"></status>
</kw>
<kw name="Log" library="BuiltIn">
<doc>Logs the given message with the given level.</doc>
<arguments>
<arg>${Wavelength}</arg>
</arguments>
<msg timestamp="20180505 21:54:25.780" level="INFO">750.0</msg>
<status status="PASS" starttime="20180505 21:54:25.780" endtime="20180505 21:54:25.780"></status>
</kw>
<kw name="Run Keyword And Continue On Failure" library="BuiltIn">
<doc>Runs the keyword and continues execution even if a failure occurs.</doc>
<arguments>
<arg>Issue Change Wavelength Command</arg>
<arg>${Wavelength}</arg>
</arguments>
<kw name="Issue Change Wavelength Command" library="atMonochromator_SAL">
<arguments>
<arg>${Wavelength}</arg>
</arguments>
<status status="PASS" starttime="20180505 21:54:25.780" endtime="20180505 21:54:37.242"></status>
</kw>
<status status="PASS" starttime="20180505 21:54:25.780" endtime="20180505 21:54:37.242"></status>
</kw>
<kw name="Run Keyword And Continue On Failure" library="BuiltIn">
<doc>Runs the keyword and continues execution even if a failure occurs.</doc>
<arguments>
<arg>Verify Wavelength Value</arg>
<arg>${Wavelength}</arg>
</arguments>
<kw name="Verify Wavelength Value" library="monochromator_helpers">
<arguments>
<arg>${Wavelength}</arg>
</arguments>
<kw name="Comment" library="BuiltIn">
<doc>Displays the given messages in the log file as keyword arguments.</doc>
<arguments>
<arg>Every change wavelength command triggers a wavelength Event.</arg>
</arguments>
<status status="PASS" starttime="20180505 21:54:37.243" endtime="20180505 21:54:37.243"></status>
</kw>
<kw name="Wait For Next Wavelength" library="atMonochromator_SAL">
<assign>
<var>${valid}</var>
<var>${data}</var>
</assign>
<msg timestamp="20180505 21:54:37.243" level="INFO">${valid} = True</msg>
<msg timestamp="20180505 21:54:37.243" level="INFO">${data} = &lt;SALPY_atMonochromator.atMonochromator_logevent_WavelengthC object at 0x7f86e8cc3730&gt;</msg>
<status status="PASS" starttime="20180505 21:54:37.243" endtime="20180505 21:54:37.243"></status>
</kw>
<kw name="Should Be True" library="BuiltIn">
<doc>Fails if the given condition is not true.</doc>
<arguments>
<arg>${valid}</arg>
</arguments>
<status status="PASS" starttime="20180505 21:54:37.243" endtime="20180505 21:54:37.244"></status>
</kw>
<kw name="Verify Irrational Value" library="common">
<doc>This keyword requires the name of the attribute, its value, the tolerance and then the expected value, in that order.</doc>
<arguments>
<arg>Wavelength</arg>
<arg>${data.wavelength}</arg>
<arg>${wavelengthTol}</arg>
<arg>${expectedWavelgength}</arg>
</arguments>
<kw name="Convert To Number" library="BuiltIn">
<doc>Converts the given item to a floating point number.</doc>
<arguments>
<arg>${value}</arg>
<arg>${4}</arg>
</arguments>
<assign>
<var>${value}</var>
</assign>
<msg timestamp="20180505 21:54:37.244" level="INFO">${value} = 750.0006000000001</msg>
<status status="PASS" starttime="20180505 21:54:37.244" endtime="20180505 21:54:37.244"></status>
</kw>
<kw name="Convert To Number" library="BuiltIn">
<doc>Converts the given item to a floating point number.</doc>
<arguments>
<arg>${ExpectedValue}</arg>
<arg>${4}</arg>
</arguments>
<assign>
<var>${ExpectedValue}</var>
</assign>
<msg timestamp="20180505 21:54:37.245" level="INFO">${ExpectedValue} = 750.0</msg>
<status status="PASS" starttime="20180505 21:54:37.245" endtime="20180505 21:54:37.245"></status>
</kw>
<kw name="Log Many" library="BuiltIn">
<doc>Logs the given messages as separate entries using the INFO level.</doc>
<arguments>
<arg>Attribute: ${attribute}</arg>
<arg>Value: ${value}</arg>
<arg>Tolerance: ${tolerance}</arg>
<arg>Expected Value: ${ExpectedValue}</arg>
</arguments>
<msg timestamp="20180505 21:54:37.245" level="INFO">Attribute: Wavelength</msg>
<msg timestamp="20180505 21:54:37.245" level="INFO">Value: 750.0006000000001</msg>
<msg timestamp="20180505 21:54:37.245" level="INFO">Tolerance: 1</msg>
<msg timestamp="20180505 21:54:37.245" level="INFO">Expected Value: 750.0</msg>
<status status="PASS" starttime="20180505 21:54:37.245" endtime="20180505 21:54:37.245"></status>
</kw>
<kw name="Evaluate" library="BuiltIn">
<doc>Evaluates the given expression in Python and returns the results.</doc>
<arguments>
<arg>${ExpectedValue} + ${tolerance}</arg>
</arguments>
<assign>
<var>${high}</var>
</assign>
<msg timestamp="20180505 21:54:37.246" level="INFO">${high} = 751.0</msg>
<status status="PASS" starttime="20180505 21:54:37.246" endtime="20180505 21:54:37.246"></status>
</kw>
<kw name="Evaluate" library="BuiltIn">
<doc>Evaluates the given expression in Python and returns the results.</doc>
<arguments>
<arg>${ExpectedValue} - ${tolerance}</arg>
</arguments>
<assign>
<var>${low}</var>
</assign>
<msg timestamp="20180505 21:54:37.246" level="INFO">${low} = 749.0</msg>
<status status="PASS" starttime="20180505 21:54:37.246" endtime="20180505 21:54:37.246"></status>
</kw>
<kw name="Should Be True" library="BuiltIn">
<doc>Fails if the given condition is not true.</doc>
<arguments>
<arg>${value} &lt;= ${high}</arg>
</arguments>
[...]
<status status="PASS" starttime="20180505 22:16:00.815" endtime="20180505 22:16:00.815"></status>
</kw>
<kw name="Convert To Number" library="BuiltIn">
<doc>Converts the given item to a floating point number.</doc>
<arguments>
<arg>${ExpectedValue}</arg>
<arg>${4}</arg>
</arguments>
<assign>
<var>${ExpectedValue}</var>
</assign>
<msg timestamp="20180505 22:16:00.816" level="INFO">${ExpectedValue} = 5.0</msg>
<status status="PASS" starttime="20180505 22:16:00.815" endtime="20180505 22:16:00.816"></status>
</kw>
<kw name="Log Many" library="BuiltIn">
<doc>Logs the given messages as separate entries using the INFO level.</doc>
<arguments>
<arg>Attribute: ${attribute}</arg>
<arg>Value: ${value}</arg>
<arg>Tolerance: ${tolerance}</arg>
<arg>Expected Value: ${ExpectedValue}</arg>
</arguments>
<msg timestamp="20180505 22:16:00.816" level="INFO">Attribute: SlitWidth</msg>
<msg timestamp="20180505 22:16:00.816" level="INFO">Value: 4.996</msg>
<msg timestamp="20180505 22:16:00.816" level="INFO">Tolerance: 0.01</msg>
<msg timestamp="20180505 22:16:00.816" level="INFO">Expected Value: 5.0</msg>
<status status="PASS" starttime="20180505 22:16:00.816" endtime="20180505 22:16:00.816"></status>
</kw>
<kw name="Evaluate" library="BuiltIn">
<doc>Evaluates the given expression in Python and returns the results.</doc>
<arguments>
<arg>${ExpectedValue} + ${tolerance}</arg>
</arguments>
<assign>
<var>${high}</var>
</assign>
<msg timestamp="20180505 22:16:00.818" level="INFO">${high} = 5.01</msg>
<status status="PASS" starttime="20180505 22:16:00.817" endtime="20180505 22:16:00.818"></status>
</kw>
<kw name="Evaluate" library="BuiltIn">
<doc>Evaluates the given expression in Python and returns the results.</doc>
<arguments>
<arg>${ExpectedValue} - ${tolerance}</arg>
</arguments>
<assign>
<var>${low}</var>
</assign>
<msg timestamp="20180505 22:16:00.818" level="INFO">${low} = 4.99</msg>
<status status="PASS" starttime="20180505 22:16:00.818" endtime="20180505 22:16:00.818"></status>
</kw>
<kw name="Should Be True" library="BuiltIn">
<doc>Fails if the given condition is not true.</doc>
<arguments>
<arg>${value} &lt;= ${high}</arg>
</arguments>
<status status="PASS" starttime="20180505 22:16:00.818" endtime="20180505 22:16:00.818"></status>
</kw>
<kw name="Should Be True" library="BuiltIn">
<doc>Fails if the given condition is not true.</doc>
<arguments>
<arg>${value} &gt;= ${low}</arg>
</arguments>
<status status="PASS" starttime="20180505 22:16:00.819" endtime="20180505 22:16:00.819"></status>
</kw>
<status status="PASS" starttime="20180505 22:16:00.814" endtime="20180505 22:16:00.819"></status>
</kw>
<status status="PASS" starttime="20180505 22:16:00.814" endtime="20180505 22:16:00.819"></status>
</kw>
<status status="PASS" starttime="20180505 22:16:00.807" endtime="20180505 22:16:00.819"></status>
</kw>
<status status="PASS" starttime="20180505 22:16:00.807" endtime="20180505 22:16:00.819"></status>
</kw>
<kw name="Run Keyword And Continue On Failure" library="BuiltIn">
<doc>Runs the keyword and continues execution even if a failure occurs.</doc>
<arguments>
<arg>Verify Grating Value</arg>
<arg>${grating}</arg>
</arguments>
<kw name="Verify Grating Value" library="monochromator_helpers">
<arguments>
<arg>${grating}</arg>
</arguments>
<kw name="Comment" library="BuiltIn">
<doc>Displays the given messages in the log file as keyword arguments.</doc>
<arguments>
<arg>Every change in grating command triggers a grating Event.</arg>
</arguments>
<status status="PASS" starttime="20180505 22:16:00.820" endtime="20180505 22:16:00.820"></status>
</kw>
<kw name="Wait For Next Selected Grating" library="atMonochromator_SAL">
<assign>
<var>${valid}</var>
<var>${data}</var>
</assign>
<msg timestamp="20180505 22:16:00.820" level="INFO">${valid} = True</msg>
<msg timestamp="20180505 22:16:00.820" level="INFO">${data} = &lt;SALPY_atMonochromator.atMonochromator_logevent_SelectedGratingC object at 0x7f86e8c8a688&gt;</msg>
<status status="PASS" starttime="20180505 22:16:00.820" endtime="20180505 22:16:00.820"></status>
</kw>
<kw name="Should Be True" library="BuiltIn">
<doc>Fails if the given condition is not true.</doc>
<arguments>
<arg>${valid}</arg>
</arguments>
<status status="PASS" starttime="20180505 22:16:00.821" endtime="20180505 22:16:00.821"></status>
</kw>
<kw name="Verify Rational Value" library="common">
<doc>This keyword requires the name of the attribute, its value, and then the expected value, in that order.</doc>
<arguments>
<arg>Grating</arg>
<arg>${data.gratingType}</arg>
<arg>${expectedGrating}</arg>
</arguments>
<kw name="Convert To Number" library="BuiltIn">
<doc>Converts the given item to a floating point number.</doc>
<arguments>
<arg>${value}</arg>
</arguments>
<assign>
<var>${value}</var>
</assign>
<msg timestamp="20180505 22:16:00.821" level="INFO">${value} = 2.0</msg>
<status status="PASS" starttime="20180505 22:16:00.821" endtime="20180505 22:16:00.821"></status>
</kw>
<kw name="Convert To Number" library="BuiltIn">
<doc>Converts the given item to a floating point number.</doc>
<arguments>
<arg>${ExpectedValue}</arg>
</arguments>
<assign>
<var>${ExpectedValue}</var>
</assign>
<msg timestamp="20180505 22:16:00.822" level="INFO">${ExpectedValue} = 2.0</msg>
<status status="PASS" starttime="20180505 22:16:00.822" endtime="20180505 22:16:00.822"></status>
</kw>
<kw name="Log Many" library="BuiltIn">
<doc>Logs the given messages as separate entries using the INFO level.</doc>
<arguments>
<arg>Attribute: ${attribute}</arg>
<arg>Value: ${value}</arg>
<arg>Expected Value: ${ExpectedValue}</arg>
</arguments>
<msg timestamp="20180505 22:16:00.822" level="INFO">Attribute: Grating</msg>
<msg timestamp="20180505 22:16:00.822" level="INFO">Value: 2.0</msg>
<msg timestamp="20180505 22:16:00.823" level="INFO">Expected Value: 2.0</msg>
<status status="PASS" starttime="20180505 22:16:00.822" endtime="20180505 22:16:00.823"></status>
</kw>
<kw name="Should Be Equal" library="BuiltIn">
<doc>Fails if the given objects are unequal.</doc>
<arguments>
<arg>${value}</arg>
<arg>${ExpectedValue}</arg>
</arguments>
<status status="PASS" starttime="20180505 22:16:00.823" endtime="20180505 22:16:00.823"></status>
</kw>
<status status="PASS" starttime="20180505 22:16:00.821" endtime="20180505 22:16:00.823"></status>
</kw>
<status status="PASS" starttime="20180505 22:16:00.820" endtime="20180505 22:16:00.823"></status>
</kw>
<status status="PASS" starttime="20180505 22:16:00.819" endtime="20180505 22:16:00.823"></status>
</kw>
<kw name="Run Keyword And Continue On Failure" library="BuiltIn">
<doc>Runs the keyword and continues execution even if a failure occurs.</doc>
<arguments>
<arg>Verify Wavelength Value</arg>
<arg>${Wavelength}</arg>
</arguments>
<kw name="Verify Wavelength Value" library="monochromator_helpers">
<arguments>
<arg>${Wavelength}</arg>
</arguments>
<kw name="Comment" library="BuiltIn">
<doc>Displays the given messages in the log file as keyword arguments.</doc>
<arguments>
<arg>Every change wavelength command triggers a wavelength Event.</arg>
</arguments>
<status status="PASS" starttime="20180505 22:16:00.824" endtime="20180505 22:16:00.824"></status>
</kw>
<kw name="Wait For Next Wavelength" library="atMonochromator_SAL">
<assign>
<var>${valid}</var>
<var>${data}</var>
</assign>
<msg timestamp="20180505 22:16:00.824" level="INFO">${valid} = True</msg>
<msg timestamp="20180505 22:16:00.824" level="INFO">${data} = &lt;SALPY_atMonochromator.atMonochromator_logevent_WavelengthC object at 0x7f86ecba3dc0&gt;</msg>
<status status="PASS" starttime="20180505 22:16:00.824" endtime="20180505 22:16:00.824"></status>
</kw>
<kw name="Should Be True" library="BuiltIn">
<doc>Fails if the given condition is not true.</doc>
<arguments>
<arg>${valid}</arg>
</arguments>
<status status="PASS" starttime="20180505 22:16:00.825" endtime="20180505 22:16:00.825"></status>
</kw>
<kw name="Verify Irrational Value" library="common">
<doc>This keyword requires the name of the attribute, its value, the tolerance and then the expected value, in that order.</doc>
<arguments>
<arg>Wavelength</arg>
<arg>${data.wavelength}</arg>
<arg>${wavelengthTol}</arg>
<arg>${expectedWavelgength}</arg>
</arguments>
<kw name="Convert To Number" library="BuiltIn">
<doc>Converts the given item to a floating point number.</doc>
<arguments>
<arg>${value}</arg>
<arg>${4}</arg>
</arguments>
<assign>
<var>${value}</var>
</assign>
<msg timestamp="20180505 22:16:00.826" level="INFO">${value} = 409.999</msg>
<status status="PASS" starttime="20180505 22:16:00.825" endtime="20180505 22:16:00.826"></status>
</kw>
<kw name="Convert To Number" library="BuiltIn">
<doc>Converts the given item to a floating point number.</doc>
<arguments>
<arg>${ExpectedValue}</arg>
<arg>${4}</arg>
</arguments>
<assign>
<var>${ExpectedValue}</var>
</assign>
<msg timestamp="20180505 22:16:00.826" level="INFO">${ExpectedValue} = 410.0</msg>
<status status="PASS" starttime="20180505 22:16:00.826" endtime="20180505 22:16:00.826"></status>
</kw>
<kw name="Log Many" library="BuiltIn">
<doc>Logs the given messages as separate entries using the INFO level.</doc>
<arguments>
<arg>Attribute: ${attribute}</arg>
<arg>Value: ${value}</arg>
<arg>Tolerance: ${tolerance}</arg>
<arg>Expected Value: ${ExpectedValue}</arg>
</arguments>
<msg timestamp="20180505 22:16:00.826" level="INFO">Attribute: Wavelength</msg>
<msg timestamp="20180505 22:16:00.826" level="INFO">Value: 409.999</msg>
<msg timestamp="20180505 22:16:00.826" level="INFO">Tolerance: 1</msg>
<msg timestamp="20180505 22:16:00.826" level="INFO">Expected Value: 410.0</msg>
<status status="PASS" starttime="20180505 22:16:00.826" endtime="20180505 22:16:00.827"></status>
</kw>
<kw name="Evaluate" library="BuiltIn">
<doc>Evaluates the given expression in Python and returns the results.</doc>
<arguments>
<arg>${ExpectedValue} + ${tolerance}</arg>
</arguments>
<assign>
<var>${high}</var>
</assign>
<msg timestamp="20180505 22:16:00.827" level="INFO">${high} = 411.0</msg>
<status status="PASS" starttime="20180505 22:16:00.827" endtime="20180505 22:16:00.827"></status>
</kw>
<kw name="Evaluate" library="BuiltIn">
<doc>Evaluates the given expression in Python and returns the results.</doc>
<arguments>
<arg>${ExpectedValue} - ${tolerance}</arg>
</arguments>
<assign>
<var>${low}</var>
</assign>
<msg timestamp="20180505 22:16:00.829" level="INFO">${low} = 409.0</msg>
<status status="PASS" starttime="20180505 22:16:00.828" endtime="20180505 22:16:00.829"></status>
</kw>
<kw name="Should Be True" library="BuiltIn">
<doc>Fails if the given condition is not true.</doc>
<arguments>
<arg>${value} &lt;= ${high}</arg>
</arguments>
<status status="PASS" starttime="20180505 22:16:00.829" endtime="20180505 22:16:00.829"></status>
</kw>
<kw name="Should Be True" library="BuiltIn">
<doc>Fails if the given condition is not true.</doc>
<arguments>
<arg>${value} &gt;= ${low}</arg>
</arguments>
<status status="PASS" starttime="20180505 22:16:00.829" endtime="20180505 22:16:00.830"></status>
</kw>
<status status="PASS" starttime="20180505 22:16:00.825" endtime="20180505 22:16:00.830"></status>
</kw>
<status status="PASS" starttime="20180505 22:16:00.823" endtime="20180505 22:16:00.830"></status>
</kw>
<status status="PASS" starttime="20180505 22:16:00.823" endtime="20180505 22:16:00.830"></status>
</kw>
<kw name="Evaluate" library="BuiltIn">
<doc>Evaluates the given expression in Python and returns the results.</doc>
<arguments>
<arg>${Wavelength} + ${DW}</arg>
</arguments>
<assign>
<var>${Wavelength}</var>
</assign>
<msg timestamp="20180505 22:16:00.830" level="INFO">${Wavelength} = 411.0</msg>
<status status="PASS" starttime="20180505 22:16:00.830" endtime="20180505 22:16:00.830"></status>
</kw>
<kw name="Evaluate" library="BuiltIn">
<doc>Evaluates the given expression in Python and returns the results.</doc>
<arguments>
<arg>${slitWidth} + ${DSlitWidth}</arg>
</arguments>
<assign>
<var>${slitWidth}</var>
</assign>
<msg timestamp="20180505 22:16:00.831" level="INFO">${slitWidth} = 5.5</msg>
<status status="PASS" starttime="20180505 22:16:00.830" endtime="20180505 22:16:00.831"></status>
</kw>
<status status="PASS" starttime="20180505 22:15:49.438" endtime="20180505 22:16:00.831"></status>
</kw>
<kw name="${i} = 11" type="foritem">
<kw name="Exit For Loop If" library="BuiltIn">
<doc>Stops executing the enclosing for loop if the ``condition`` is true.</doc>
<arguments>
<arg>${slitWidth} &gt; ${MaxSlitWidth}</arg>
</arguments>
<msg timestamp="20180505 22:16:00.831" level="INFO">Exiting for loop altogether.</msg>
<status status="PASS" starttime="20180505 22:16:00.831" endtime="20180505 22:16:00.831"></status>
</kw>
<status status="PASS" starttime="20180505 22:16:00.831" endtime="20180505 22:16:00.831"></status>
</kw>
<status status="PASS" starttime="20180505 22:13:54.408" endtime="20180505 22:16:00.842"></status>
</kw>
<kw name="Sleep" library="BuiltIn">
<doc>Pauses the test executed for the given time.</doc>
<arguments>
<arg>${delay}</arg>
</arguments>
<msg timestamp="20180505 22:16:04.843" level="INFO">Slept 4 seconds</msg>
<status status="PASS" starttime="20180505 22:16:00.842" endtime="20180505 22:16:04.843"></status>
</kw>
<tags>
<tag>functional</tag>
</tags>
<status status="PASS" starttime="20180505 22:13:54.404" endtime="20180505 22:16:04.843" critical="yes"></status>
</test>
<test id="s1-t17" name="Disable Command - Cleanup">
<kw name="Comment" library="BuiltIn">
<doc>Displays the given messages in the log file as keyword arguments.</doc>
<arguments>
<arg>Issue Disable Command.</arg>
</arguments>
<status status="PASS" starttime="20180505 22:16:04.844" endtime="20180505 22:16:04.844"></status>
</kw>
<kw name="Issue Disable Command" library="atMonochromator_SAL">
<status status="PASS" starttime="20180505 22:16:04.844" endtime="20180505 22:16:16.237"></status>
</kw>
<kw name="Comment" library="BuiltIn">
<doc>Displays the given messages in the log file as keyword arguments.</doc>
<arguments>
<arg>Verify system enters Disabled State.</arg>
</arguments>
<status status="PASS" starttime="20180505 22:16:16.237" endtime="20180505 22:16:16.238"></status>
</kw>
<kw name="Verify Summary State Event" library="common">
<arguments>
<arg>${SummaryDisabled}</arg>
</arguments>
<kw name="Comment" library="BuiltIn">
<doc>Displays the given messages in the log file as keyword arguments.</doc>
<arguments>
<arg>Every sub-State transition triggers a Summary State Event.</arg>
</arguments>
<status status="PASS" starttime="20180505 22:16:16.238" endtime="20180505 22:16:16.238"></status>
</kw>
<kw name="Get Event Summary State" library="atMonochromator_SAL">
<assign>
<var>${valid}</var>
<var>${data}</var>
</assign>
<msg timestamp="20180505 22:16:16.239" level="INFO">${valid} = True</msg>
<msg timestamp="20180505 22:16:16.239" level="INFO">${data} = &lt;SALPY_atMonochromator.atMonochromator_logevent_SummaryStateC object at 0x7f86e9ffde30&gt;</msg>
<status status="PASS" starttime="20180505 22:16:16.238" endtime="20180505 22:16:16.239"></status>
</kw>
<kw name="Log" library="BuiltIn">
<doc>Logs the given message with the given level.</doc>
<arguments>
<arg>${data.summaryState}</arg>
</arguments>
<msg timestamp="20180505 22:16:16.239" level="INFO">1</msg>
<status status="PASS" starttime="20180505 22:16:16.239" endtime="20180505 22:16:16.239"></status>
</kw>
<kw name="Should Be True" library="BuiltIn">
<doc>Fails if the given condition is not true.</doc>
<arguments>
<arg>${valid}</arg>
</arguments>
<status status="PASS" starttime="20180505 22:16:16.239" endtime="20180505 22:16:16.240"></status>
</kw>
<kw name="Should Be Equal As Integers" library="BuiltIn">
<doc>Fails if objects are unequal after converting them to integers.</doc>
<arguments>
<arg>${data.summaryState}</arg>
<arg>${expectedState}</arg>
</arguments>
<msg timestamp="20180505 22:16:16.240" level="INFO">Argument types are:
&lt;class 'int'&gt;
&lt;type 'unicode'&gt;</msg>
<status status="PASS" starttime="20180505 22:16:16.240" endtime="20180505 22:16:16.240"></status>
</kw>
<status status="PASS" starttime="20180505 22:16:16.238" endtime="20180505 22:16:16.240"></status>
</kw>
<tags>
<tag>functional</tag>
</tags>
<status status="PASS" starttime="20180505 22:16:04.843" endtime="20180505 22:16:16.240" critical="yes"></status>
</test>
<test id="s1-t18" name="Standby Command - Cleanup">
<kw name="Comment" library="BuiltIn">
<doc>Displays the given messages in the log file as keyword arguments.</doc>
<arguments>
<arg>Issue Standby Command.</arg>
</arguments>
<status status="PASS" starttime="20180505 22:16:16.241" endtime="20180505 22:16:16.241"></status>
</kw>
<kw name="Issue Standby Command" library="atMonochromator_SAL">
<status status="PASS" starttime="20180505 22:16:16.241" endtime="20180505 22:16:27.618"></status>
</kw>
<kw name="Comment" library="BuiltIn">
<doc>Displays the given messages in the log file as keyword arguments.</doc>
<arguments>
<arg>Verify system enters Standby State.</arg>
</arguments>
<status status="PASS" starttime="20180505 22:16:27.618" endtime="20180505 22:16:27.618"></status>
</kw>
<kw name="Verify Summary State Event" library="common">
<arguments>
<arg>${SummaryStandby}</arg>
</arguments>
<kw name="Comment" library="BuiltIn">
<doc>Displays the given messages in the log file as keyword arguments.</doc>
<arguments>
<arg>Every sub-State transition triggers a Summary State Event.</arg>
</arguments>
<status status="PASS" starttime="20180505 22:16:27.619" endtime="20180505 22:16:27.619"></status>
</kw>
<kw name="Get Event Summary State" library="atMonochromator_SAL">
<assign>
<var>${valid}</var>
<var>${data}</var>
</assign>
<msg timestamp="20180505 22:16:27.619" level="INFO">${valid} = True</msg>
<msg timestamp="20180505 22:16:27.619" level="INFO">${data} = &lt;SALPY_atMonochromator.atMonochromator_logevent_SummaryStateC object at 0x7f86ecbcb2d0&gt;</msg>
<status status="PASS" starttime="20180505 22:16:27.619" endtime="20180505 22:16:27.619"></status>
</kw>
<kw name="Log" library="BuiltIn">
<doc>Logs the given message with the given level.</doc>
<arguments>
<arg>${data.summaryState}</arg>
</arguments>
<msg timestamp="20180505 22:16:27.619" level="INFO">5</msg>
<status status="PASS" starttime="20180505 22:16:27.619" endtime="20180505 22:16:27.619"></status>
</kw>
<kw name="Should Be True" library="BuiltIn">
<doc>Fails if the given condition is not true.</doc>
<arguments>
<arg>${valid}</arg>
</arguments>
<status status="PASS" starttime="20180505 22:16:27.620" endtime="20180505 22:16:27.620"></status>
</kw>
<kw name="Should Be Equal As Integers" library="BuiltIn">
<doc>Fails if objects are unequal after converting them to integers.</doc>
<arguments>
<arg>${data.summaryState}</arg>
<arg>${expectedState}</arg>
</arguments>
<msg timestamp="20180505 22:16:27.620" level="INFO">Argument types are:
&lt;class 'int'&gt;
&lt;type 'unicode'&gt;</msg>
<status status="PASS" starttime="20180505 22:16:27.620" endtime="20180505 22:16:27.620"></status>
</kw>
<status status="PASS" starttime="20180505 22:16:27.618" endtime="20180505 22:16:27.620"></status>
</kw>
<tags>
<tag>functional</tag>
</tags>
<status status="PASS" starttime="20180505 22:16:16.240" endtime="20180505 22:16:27.620" critical="yes"></status>
</test>
<doc>Test Monochromator Parameters update.</doc>
<status status="PASS" starttime="20180505 21:49:28.662" endtime="20180505 22:16:27.622"></status>
</suite>
<statistics>
<total>
<stat pass="18" fail="0">Critical Tests</stat>
<stat pass="18" fail="0">All Tests</stat>
</total>
<tag>
<stat pass="18" fail="0">functional</stat>
</tag>
<suite>
<stat pass="18" fail="0" id="s1" name="UpdateMonochromatorParemeters">UpdateMonochromatorParemeters</stat>
</suite>
</statistics>
<errors>
<msg timestamp="20180505 22:13:54.404" level="WARN">Multiple test cases with name 'From Enable Setup All Parameters in Red Grating and verify value' executed in test suite 'UpdateMonochromatorParemeters'.</msg>
</errors>
</robot>
